NeuralNet(
  (network): Sequential(
    (0): Linear(in_features=2, out_features=48, bias=True)
    (1): Tanh()
    (2): Linear(in_features=48, out_features=48, bias=True)
    (3): Tanh()
    (4): Linear(in_features=48, out_features=48, bias=True)
    (5): Tanh()
    (6): Linear(in_features=48, out_features=48, bias=True)
    (7): Tanh()
    (8): Linear(in_features=48, out_features=2, bias=True)
  )
)
starting Adam training
It: 100, Time: 4.20, mse_0: 3.1994e+02, mse_f: 3.3161e+02, total loss: 1.1893e+03, Error u,v: 7.4827e-01, 9.3043e-01
It: 200, Time: 4.05, mse_0: 2.2490e+02, mse_f: 2.5538e+02, total loss: 6.3978e+02, Error u,v: 7.4631e-01, 9.3396e-01
It: 300, Time: 3.19, mse_0: 1.8221e+02, mse_f: 1.8064e+02, total loss: 4.7827e+02, Error u,v: 7.4988e-01, 9.3099e-01
It: 400, Time: 3.25, mse_0: 8.9546e+01, mse_f: 2.0672e+02, total loss: 3.5775e+02, Error u,v: 7.5772e-01, 9.4409e-01
It: 500, Time: 3.09, mse_0: 6.9663e+01, mse_f: 2.1898e+02, total loss: 3.2138e+02, Error u,v: 7.6268e-01, 9.5064e-01
It: 600, Time: 3.18, mse_0: 7.0605e+01, mse_f: 2.0118e+02, total loss: 2.9512e+02, Error u,v: 7.6335e-01, 9.5384e-01
It: 700, Time: 3.61, mse_0: 6.0261e+01, mse_f: 1.9313e+02, total loss: 2.7487e+02, Error u,v: 7.7516e-01, 9.6662e-01
It: 800, Time: 2.72, mse_0: 5.7796e+01, mse_f: 1.8494e+02, total loss: 2.6149e+02, Error u,v: 7.8331e-01, 9.7363e-01
It: 900, Time: 3.56, mse_0: 5.5436e+01, mse_f: 1.7589e+02, total loss: 2.4868e+02, Error u,v: 7.9748e-01, 9.8639e-01
It: 1000, Time: 3.48, mse_0: 5.3387e+01, mse_f: 1.6970e+02, total loss: 2.3687e+02, Error u,v: 8.1311e-01, 1.0006e+00
It: 1100, Time: 3.57, mse_0: 5.1016e+01, mse_f: 1.6265e+02, total loss: 2.2489e+02, Error u,v: 8.3440e-01, 1.0173e+00
It: 1200, Time: 3.29, mse_0: 4.7034e+01, mse_f: 1.5655e+02, total loss: 2.1382e+02, Error u,v: 8.5642e-01, 1.0341e+00
It: 1300, Time: 3.38, mse_0: 4.3718e+01, mse_f: 1.5037e+02, total loss: 2.0293e+02, Error u,v: 8.8187e-01, 1.0510e+00
It: 1400, Time: 3.03, mse_0: 4.1391e+01, mse_f: 1.4425e+02, total loss: 1.9338e+02, Error u,v: 9.0757e-01, 1.0662e+00
It: 1500, Time: 3.14, mse_0: 4.0349e+01, mse_f: 1.3873e+02, total loss: 1.8609e+02, Error u,v: 9.3129e-01, 1.0796e+00
It: 1600, Time: 3.06, mse_0: 3.7812e+01, mse_f: 1.3559e+02, total loss: 1.8037e+02, Error u,v: 9.5319e-01, 1.0910e+00
It: 1700, Time: 3.47, mse_0: 3.6277e+01, mse_f: 1.3188e+02, total loss: 1.7509e+02, Error u,v: 9.7018e-01, 1.0989e+00
It: 1800, Time: 3.59, mse_0: 3.4816e+01, mse_f: 1.2844e+02, total loss: 1.7021e+02, Error u,v: 9.8857e-01, 1.1075e+00
It: 1900, Time: 3.30, mse_0: 3.3810e+01, mse_f: 1.2521e+02, total loss: 1.6574e+02, Error u,v: 1.0073e+00, 1.1162e+00
It: 2000, Time: 3.05, mse_0: 3.3642e+01, mse_f: 1.2352e+02, total loss: 1.6477e+02, Error u,v: 1.0221e+00, 1.1238e+00
It: 2100, Time: 3.23, mse_0: 3.2510e+01, mse_f: 1.1894e+02, total loss: 1.5769e+02, Error u,v: 1.0374e+00, 1.1306e+00
It: 2200, Time: 3.36, mse_0: 3.1851e+01, mse_f: 1.1502e+02, total loss: 1.5281e+02, Error u,v: 1.0537e+00, 1.1380e+00
It: 2300, Time: 3.22, mse_0: 2.9462e+01, mse_f: 1.1378e+02, total loss: 1.4820e+02, Error u,v: 1.0677e+00, 1.1473e+00
It: 2400, Time: 3.63, mse_0: 2.9655e+01, mse_f: 1.1031e+02, total loss: 1.4522e+02, Error u,v: 1.0881e+00, 1.1550e+00
It: 2500, Time: 3.72, mse_0: 2.7982e+01, mse_f: 1.0829e+02, total loss: 1.4083e+02, Error u,v: 1.1034e+00, 1.1650e+00
It: 2600, Time: 3.69, mse_0: 2.7766e+01, mse_f: 1.0469e+02, total loss: 1.3823e+02, Error u,v: 1.1168e+00, 1.1741e+00
It: 2700, Time: 3.69, mse_0: 2.6579e+01, mse_f: 1.0276e+02, total loss: 1.3486e+02, Error u,v: 1.1334e+00, 1.1833e+00
It: 2800, Time: 3.42, mse_0: 2.2466e+01, mse_f: 1.0394e+02, total loss: 1.3055e+02, Error u,v: 1.1442e+00, 1.1984e+00
It: 2900, Time: 3.32, mse_0: 2.5507e+01, mse_f: 9.8473e+01, total loss: 1.2935e+02, Error u,v: 1.1594e+00, 1.2097e+00
It: 3000, Time: 3.30, mse_0: 2.0502e+01, mse_f: 1.0149e+02, total loss: 1.2718e+02, Error u,v: 1.1640e+00, 1.2230e+00
It: 3100, Time: 3.32, mse_0: 1.9846e+01, mse_f: 9.7460e+01, total loss: 1.2143e+02, Error u,v: 1.1714e+00, 1.2376e+00
It: 3200, Time: 3.25, mse_0: 2.1511e+01, mse_f: 9.1889e+01, total loss: 1.1846e+02, Error u,v: 1.1805e+00, 1.2504e+00
It: 3300, Time: 3.11, mse_0: 1.4752e+01, mse_f: 9.5430e+01, total loss: 1.1217e+02, Error u,v: 1.1812e+00, 1.2681e+00
It: 3400, Time: 3.09, mse_0: 1.4198e+01, mse_f: 9.2276e+01, total loss: 1.0990e+02, Error u,v: 1.1764e+00, 1.2823e+00
It: 3500, Time: 3.14, mse_0: 1.3344e+01, mse_f: 8.1936e+01, total loss: 9.7939e+01, Error u,v: 1.1707e+00, 1.2937e+00
It: 3600, Time: 3.17, mse_0: 1.1598e+01, mse_f: 8.0958e+01, total loss: 9.5162e+01, Error u,v: 1.1549e+00, 1.3026e+00
It: 3700, Time: 3.34, mse_0: 9.1183e+00, mse_f: 7.5379e+01, total loss: 8.6387e+01, Error u,v: 1.1353e+00, 1.3060e+00
It: 3800, Time: 3.43, mse_0: 1.3423e+01, mse_f: 6.0623e+01, total loss: 7.7602e+01, Error u,v: 1.1089e+00, 1.2968e+00
It: 3900, Time: 3.32, mse_0: 7.9622e+00, mse_f: 6.4324e+01, total loss: 7.4605e+01, Error u,v: 1.0665e+00, 1.2784e+00
It: 4000, Time: 3.50, mse_0: 4.9596e+00, mse_f: 5.4911e+01, total loss: 6.1087e+01, Error u,v: 1.0191e+00, 1.2451e+00
It: 4100, Time: 3.12, mse_0: 7.9827e+00, mse_f: 4.5915e+01, total loss: 5.6697e+01, Error u,v: 9.6716e-01, 1.1972e+00
It: 4200, Time: 3.09, mse_0: 3.8292e+00, mse_f: 4.3748e+01, total loss: 4.9078e+01, Error u,v: 9.0629e-01, 1.1374e+00
It: 4300, Time: 3.15, mse_0: 4.4743e+00, mse_f: 3.6417e+01, total loss: 4.2702e+01, Error u,v: 8.4718e-01, 1.0754e+00
It: 4400, Time: 3.03, mse_0: 3.4029e+00, mse_f: 3.2208e+01, total loss: 3.6878e+01, Error u,v: 7.9064e-01, 1.0133e+00
It: 4500, Time: 3.56, mse_0: 4.6912e+00, mse_f: 2.5715e+01, total loss: 3.2530e+01, Error u,v: 7.4094e-01, 9.5144e-01
It: 4600, Time: 3.14, mse_0: 2.3609e+00, mse_f: 2.4621e+01, total loss: 2.7910e+01, Error u,v: 6.8849e-01, 8.9029e-01
It: 4700, Time: 3.05, mse_0: 2.1678e+00, mse_f: 1.9021e+01, total loss: 2.2313e+01, Error u,v: 6.4160e-01, 8.2870e-01
It: 4800, Time: 3.12, mse_0: 2.7389e+00, mse_f: 2.4015e+01, total loss: 2.8065e+01, Error u,v: 5.9419e-01, 7.7194e-01
It: 4900, Time: 3.73, mse_0: 1.4666e+00, mse_f: 2.1596e+01, total loss: 2.4298e+01, Error u,v: 5.5419e-01, 7.1690e-01
It: 5000, Time: 2.90, mse_0: 1.7722e+00, mse_f: 1.4823e+01, total loss: 1.7936e+01, Error u,v: 5.1527e-01, 6.6726e-01
It: 5100, Time: 3.19, mse_0: 2.0667e+00, mse_f: 1.9226e+01, total loss: 2.2386e+01, Error u,v: 4.7615e-01, 6.2247e-01
It: 5200, Time: 2.82, mse_0: 1.5891e+00, mse_f: 1.4684e+01, total loss: 1.7189e+01, Error u,v: 4.4369e-01, 5.8048e-01
It: 5300, Time: 2.91, mse_0: 7.4446e-01, mse_f: 1.1543e+01, total loss: 1.2685e+01, Error u,v: 4.1266e-01, 5.4202e-01
It: 5400, Time: 3.12, mse_0: 1.1916e+00, mse_f: 1.3047e+01, total loss: 1.4984e+01, Error u,v: 3.8551e-01, 5.0729e-01
It: 5500, Time: 2.76, mse_0: 1.0219e+00, mse_f: 1.1935e+01, total loss: 1.3584e+01, Error u,v: 3.5945e-01, 4.7576e-01
It: 5600, Time: 2.77, mse_0: 1.0777e+00, mse_f: 1.3212e+01, total loss: 1.5345e+01, Error u,v: 3.3921e-01, 4.4680e-01
It: 5700, Time: 3.14, mse_0: 7.8179e-01, mse_f: 1.1286e+01, total loss: 1.2614e+01, Error u,v: 3.1587e-01, 4.2196e-01
It: 5800, Time: 2.79, mse_0: 5.5952e-01, mse_f: 4.8989e+00, total loss: 5.9137e+00, Error u,v: 2.9804e-01, 3.9786e-01
It: 5900, Time: 3.04, mse_0: 4.8982e-01, mse_f: 6.7433e+00, total loss: 7.7753e+00, Error u,v: 2.8178e-01, 3.7607e-01
It: 6000, Time: 2.72, mse_0: 5.4247e-01, mse_f: 1.0552e+01, total loss: 1.1532e+01, Error u,v: 2.6350e-01, 3.5767e-01
It: 6100, Time: 2.85, mse_0: 3.8838e-01, mse_f: 7.5181e+00, total loss: 8.4325e+00, Error u,v: 2.5212e-01, 3.3918e-01
It: 6200, Time: 3.10, mse_0: 1.5269e-01, mse_f: 1.0953e+01, total loss: 1.1341e+01, Error u,v: 2.3673e-01, 3.2334e-01
It: 6300, Time: 3.21, mse_0: 2.1097e-01, mse_f: 4.4820e+00, total loss: 4.9417e+00, Error u,v: 2.2761e-01, 3.0847e-01
It: 6400, Time: 2.88, mse_0: 1.6666e-01, mse_f: 5.0416e+00, total loss: 5.3739e+00, Error u,v: 2.1603e-01, 2.9598e-01
It: 6500, Time: 2.81, mse_0: 2.9004e-01, mse_f: 3.3544e+00, total loss: 3.9464e+00, Error u,v: 2.0801e-01, 2.8406e-01
It: 6600, Time: 2.89, mse_0: 1.3026e-01, mse_f: 5.6071e+00, total loss: 5.8908e+00, Error u,v: 1.9773e-01, 2.7281e-01
It: 6700, Time: 2.82, mse_0: 1.2846e-01, mse_f: 3.4332e+00, total loss: 3.6968e+00, Error u,v: 1.9031e-01, 2.6238e-01
It: 6800, Time: 2.85, mse_0: 2.2035e-01, mse_f: 5.7491e+00, total loss: 6.3322e+00, Error u,v: 1.8420e-01, 2.5286e-01
It: 6900, Time: 3.12, mse_0: 2.8472e-01, mse_f: 5.4056e+00, total loss: 5.9615e+00, Error u,v: 1.7572e-01, 2.4472e-01
It: 7000, Time: 3.24, mse_0: 7.3064e-02, mse_f: 7.4913e+00, total loss: 7.7234e+00, Error u,v: 1.6910e-01, 2.3491e-01
It: 7100, Time: 3.13, mse_0: 1.7658e-01, mse_f: 5.4989e+00, total loss: 5.9876e+00, Error u,v: 1.6502e-01, 2.2733e-01
It: 7200, Time: 3.10, mse_0: 1.7554e-01, mse_f: 3.5863e+00, total loss: 3.9306e+00, Error u,v: 1.5745e-01, 2.2057e-01
It: 7300, Time: 2.82, mse_0: 2.0431e-01, mse_f: 7.9204e+00, total loss: 8.4015e+00, Error u,v: 1.5173e-01, 2.1356e-01
It: 7400, Time: 3.01, mse_0: 1.8120e-01, mse_f: 2.8433e+00, total loss: 3.2150e+00, Error u,v: 1.4811e-01, 2.0587e-01
It: 7500, Time: 2.73, mse_0: 1.1723e-01, mse_f: 4.8927e+00, total loss: 5.2335e+00, Error u,v: 1.4385e-01, 1.9828e-01
It: 7600, Time: 2.95, mse_0: 5.4018e-02, mse_f: 4.1754e+00, total loss: 4.3269e+00, Error u,v: 1.3784e-01, 1.9287e-01
It: 7700, Time: 3.18, mse_0: 1.0542e-01, mse_f: 2.6608e+00, total loss: 2.8837e+00, Error u,v: 1.3371e-01, 1.8785e-01
It: 7800, Time: 3.20, mse_0: 2.3715e-01, mse_f: 7.2674e+00, total loss: 7.8587e+00, Error u,v: 1.3082e-01, 1.8227e-01
It: 7900, Time: 3.04, mse_0: 1.8155e-01, mse_f: 4.3796e+00, total loss: 4.7982e+00, Error u,v: 1.2637e-01, 1.7662e-01
It: 8000, Time: 2.78, mse_0: 5.5979e-02, mse_f: 4.6432e+00, total loss: 4.8242e+00, Error u,v: 1.2162e-01, 1.7089e-01
It: 8100, Time: 2.88, mse_0: 6.3911e-02, mse_f: 1.9865e+00, total loss: 2.1340e+00, Error u,v: 1.1952e-01, 1.6521e-01
It: 8200, Time: 2.92, mse_0: 1.2723e-01, mse_f: 7.5212e+00, total loss: 7.9509e+00, Error u,v: 1.1715e-01, 1.6041e-01
It: 8300, Time: 2.73, mse_0: 4.5616e-02, mse_f: 4.7110e+00, total loss: 4.8677e+00, Error u,v: 1.1215e-01, 1.5662e-01
It: 8400, Time: 2.75, mse_0: 3.5149e-02, mse_f: 4.7867e+00, total loss: 4.9265e+00, Error u,v: 1.0908e-01, 1.5277e-01
It: 8500, Time: 2.70, mse_0: 7.5306e-02, mse_f: 2.7457e+00, total loss: 2.9649e+00, Error u,v: 1.0752e-01, 1.4901e-01
It: 8600, Time: 2.70, mse_0: 8.1223e-02, mse_f: 2.1904e+00, total loss: 2.4041e+00, Error u,v: 1.0456e-01, 1.4569e-01
It: 8700, Time: 2.64, mse_0: 5.0469e-02, mse_f: 2.6944e+00, total loss: 2.8372e+00, Error u,v: 1.0078e-01, 1.4263e-01
It: 8800, Time: 2.85, mse_0: 1.0001e-01, mse_f: 4.0077e+00, total loss: 4.2645e+00, Error u,v: 9.8728e-02, 1.3978e-01
It: 8900, Time: 2.99, mse_0: 1.7116e-01, mse_f: 5.3395e+00, total loss: 5.7524e+00, Error u,v: 9.7594e-02, 1.3637e-01
It: 9000, Time: 2.70, mse_0: 6.7976e-02, mse_f: 1.6362e+00, total loss: 1.7998e+00, Error u,v: 9.4800e-02, 1.3276e-01
It: 9100, Time: 2.63, mse_0: 2.4840e-02, mse_f: 3.8846e+00, total loss: 4.0025e+00, Error u,v: 9.2328e-02, 1.2947e-01
It: 9200, Time: 2.84, mse_0: 6.0117e-02, mse_f: 2.7933e+00, total loss: 2.9649e+00, Error u,v: 9.1885e-02, 1.2601e-01
It: 9300, Time: 2.92, mse_0: 9.5618e-02, mse_f: 4.8972e+00, total loss: 5.2055e+00, Error u,v: 9.0174e-02, 1.2385e-01
It: 9400, Time: 2.86, mse_0: 2.2318e-02, mse_f: 3.1900e+00, total loss: 3.3034e+00, Error u,v: 8.6658e-02, 1.2228e-01
It: 9500, Time: 2.92, mse_0: 7.3406e-02, mse_f: 2.0129e+00, total loss: 2.1999e+00, Error u,v: 8.5783e-02, 1.2066e-01
It: 9600, Time: 2.89, mse_0: 1.0917e-01, mse_f: 3.8884e+00, total loss: 4.2046e+00, Error u,v: 8.4766e-02, 1.1830e-01
It: 9700, Time: 3.17, mse_0: 2.9159e-02, mse_f: 1.7476e+00, total loss: 1.8263e+00, Error u,v: 8.2616e-02, 1.1617e-01
It: 9800, Time: 2.83, mse_0: 7.4616e-02, mse_f: 4.6050e+00, total loss: 4.8167e+00, Error u,v: 8.1234e-02, 1.1289e-01
It: 9900, Time: 3.05, mse_0: 4.1562e-02, mse_f: 4.8893e+00, total loss: 5.0847e+00, Error u,v: 7.9514e-02, 1.1293e-01
It: 10000, Time: 3.17, mse_0: 1.1873e-01, mse_f: 3.1918e+00, total loss: 3.4576e+00, Error u,v: 7.8974e-02, 1.1219e-01
It: 10100, Time: 2.76, mse_0: 1.8110e-01, mse_f: 5.8162e+00, total loss: 6.2460e+00, Error u,v: 7.8230e-02, 1.1061e-01
It: 10200, Time: 3.04, mse_0: 1.2501e-01, mse_f: 2.9815e+00, total loss: 3.2451e+00, Error u,v: 7.6427e-02, 1.0881e-01
It: 10300, Time: 3.09, mse_0: 3.3453e-02, mse_f: 3.1022e+00, total loss: 3.2314e+00, Error u,v: 7.4709e-02, 1.0689e-01
It: 10400, Time: 2.86, mse_0: 3.1432e-02, mse_f: 3.0075e+00, total loss: 3.1282e+00, Error u,v: 7.3810e-02, 1.0407e-01
It: 10500, Time: 2.80, mse_0: 2.1330e-02, mse_f: 1.8005e+00, total loss: 1.8819e+00, Error u,v: 7.3942e-02, 1.0327e-01
It: 10600, Time: 3.24, mse_0: 6.3476e-02, mse_f: 5.2465e+00, total loss: 5.5213e+00, Error u,v: 7.3574e-02, 1.0091e-01
It: 10700, Time: 2.70, mse_0: 1.1273e-01, mse_f: 3.7373e+00, total loss: 4.0328e+00, Error u,v: 7.2263e-02, 9.8997e-02
It: 10800, Time: 2.72, mse_0: 4.2777e-02, mse_f: 3.7228e+00, total loss: 3.8529e+00, Error u,v: 7.0535e-02, 9.8103e-02
It: 10900, Time: 2.71, mse_0: 2.6246e-02, mse_f: 2.6566e+00, total loss: 2.7551e+00, Error u,v: 6.9368e-02, 9.7555e-02
It: 11000, Time: 3.35, mse_0: 5.8624e-02, mse_f: 2.4572e+00, total loss: 2.6243e+00, Error u,v: 6.8603e-02, 9.6871e-02
It: 11100, Time: 2.98, mse_0: 1.0880e-01, mse_f: 4.4130e+00, total loss: 4.7102e+00, Error u,v: 6.7943e-02, 9.6547e-02
It: 11200, Time: 2.95, mse_0: 1.2795e-01, mse_f: 4.5406e+00, total loss: 4.8619e+00, Error u,v: 6.7122e-02, 9.5301e-02
It: 11300, Time: 3.07, mse_0: 4.0275e-02, mse_f: 1.4234e+00, total loss: 1.5320e+00, Error u,v: 6.5877e-02, 9.4188e-02
It: 11400, Time: 3.13, mse_0: 2.8262e-02, mse_f: 3.9794e+00, total loss: 4.0955e+00, Error u,v: 6.5146e-02, 9.1324e-02
It: 11500, Time: 2.88, mse_0: 5.6968e-02, mse_f: 2.4344e+00, total loss: 2.5728e+00, Error u,v: 6.5095e-02, 9.0072e-02
It: 11600, Time: 3.01, mse_0: 6.7149e-02, mse_f: 1.1517e+00, total loss: 1.2826e+00, Error u,v: 6.4243e-02, 9.0656e-02
It: 11700, Time: 3.24, mse_0: 9.4947e-02, mse_f: 3.8369e+00, total loss: 4.0949e+00, Error u,v: 6.3640e-02, 8.9619e-02
It: 11800, Time: 2.91, mse_0: 5.8513e-02, mse_f: 2.7061e+00, total loss: 2.8927e+00, Error u,v: 6.2555e-02, 8.8317e-02
It: 11900, Time: 2.98, mse_0: 2.9977e-02, mse_f: 2.4175e+00, total loss: 2.5330e+00, Error u,v: 6.1318e-02, 8.7762e-02
It: 12000, Time: 2.90, mse_0: 6.1920e-02, mse_f: 5.0770e+00, total loss: 5.3031e+00, Error u,v: 6.0196e-02, 8.7163e-02
It: 12100, Time: 3.05, mse_0: 6.3268e-02, mse_f: 1.8473e+00, total loss: 1.9872e+00, Error u,v: 5.9908e-02, 8.6257e-02
It: 12200, Time: 2.80, mse_0: 3.0040e-02, mse_f: 1.3441e+00, total loss: 1.4296e+00, Error u,v: 6.0062e-02, 8.4571e-02
It: 12300, Time: 2.89, mse_0: 3.0017e-02, mse_f: 4.8284e+00, total loss: 5.0210e+00, Error u,v: 6.0183e-02, 8.2761e-02
It: 12400, Time: 3.09, mse_0: 2.3185e-02, mse_f: 7.8168e-01, total loss: 8.4502e-01, Error u,v: 5.8902e-02, 8.1850e-02
It: 12500, Time: 2.97, mse_0: 4.2685e-02, mse_f: 2.5173e+00, total loss: 2.6525e+00, Error u,v: 5.7227e-02, 8.1858e-02
It: 12600, Time: 2.05, mse_0: 1.1440e-02, mse_f: 2.6089e+00, total loss: 2.6858e+00, Error u,v: 5.6496e-02, 8.0649e-02
It: 12700, Time: 2.09, mse_0: 3.1894e-02, mse_f: 4.4953e+00, total loss: 4.6267e+00, Error u,v: 5.6728e-02, 7.8843e-02
It: 12800, Time: 2.27, mse_0: 1.0672e-02, mse_f: 1.2631e+00, total loss: 1.3006e+00, Error u,v: 5.6237e-02, 7.8583e-02
It: 12900, Time: 2.76, mse_0: 1.0612e-01, mse_f: 2.7459e+00, total loss: 2.9788e+00, Error u,v: 5.5411e-02, 7.9501e-02
It: 13000, Time: 2.62, mse_0: 7.8083e-02, mse_f: 2.1305e+00, total loss: 2.3038e+00, Error u,v: 5.5087e-02, 7.8763e-02
It: 13100, Time: 2.78, mse_0: 3.2040e-02, mse_f: 4.8066e+00, total loss: 4.9841e+00, Error u,v: 5.5370e-02, 7.6978e-02
It: 13200, Time: 2.30, mse_0: 5.2217e-02, mse_f: 1.1276e+00, total loss: 1.2309e+00, Error u,v: 5.4205e-02, 7.6386e-02
It: 13300, Time: 2.15, mse_0: 9.6791e-02, mse_f: 2.4565e+00, total loss: 2.6680e+00, Error u,v: 5.2682e-02, 7.6539e-02
It: 13400, Time: 2.07, mse_0: 1.4824e-02, mse_f: 2.0448e+00, total loss: 2.1070e+00, Error u,v: 5.2173e-02, 7.5045e-02
It: 13500, Time: 2.17, mse_0: 4.0625e-02, mse_f: 4.5431e+00, total loss: 4.6911e+00, Error u,v: 5.2343e-02, 7.3131e-02
It: 13600, Time: 2.15, mse_0: 1.9168e-02, mse_f: 1.6970e+00, total loss: 1.7690e+00, Error u,v: 5.1496e-02, 7.2874e-02
It: 13700, Time: 2.18, mse_0: 3.0333e-02, mse_f: 2.2622e+00, total loss: 2.3843e+00, Error u,v: 5.0817e-02, 7.2967e-02
It: 13800, Time: 2.12, mse_0: 2.9618e-02, mse_f: 1.6733e+00, total loss: 1.7839e+00, Error u,v: 5.1112e-02, 7.1708e-02
It: 13900, Time: 2.18, mse_0: 3.7144e-02, mse_f: 3.8433e+00, total loss: 4.0092e+00, Error u,v: 5.1229e-02, 7.1132e-02
It: 14000, Time: 2.16, mse_0: 1.0465e-01, mse_f: 2.4280e+00, total loss: 2.6486e+00, Error u,v: 4.9690e-02, 7.1777e-02
It: 14100, Time: 2.12, mse_0: 2.0742e-02, mse_f: 8.8198e-01, total loss: 9.4732e-01, Error u,v: 4.8918e-02, 7.0732e-02
It: 14200, Time: 2.23, mse_0: 1.1350e-01, mse_f: 3.1978e+00, total loss: 3.4388e+00, Error u,v: 4.9017e-02, 6.7994e-02
It: 14300, Time: 2.21, mse_0: 2.5760e-02, mse_f: 2.3807e+00, total loss: 2.4656e+00, Error u,v: 4.8350e-02, 6.7503e-02
It: 14400, Time: 2.14, mse_0: 5.3651e-02, mse_f: 3.9213e+00, total loss: 4.1159e+00, Error u,v: 4.7215e-02, 6.8798e-02
It: 14500, Time: 2.10, mse_0: 2.1234e-02, mse_f: 4.0389e-01, total loss: 4.4264e-01, Error u,v: 4.7428e-02, 6.8550e-02
It: 14600, Time: 2.11, mse_0: 4.3312e-02, mse_f: 2.6908e+00, total loss: 2.8581e+00, Error u,v: 4.7946e-02, 6.6573e-02
It: 14700, Time: 2.05, mse_0: 5.5199e-02, mse_f: 2.6775e+00, total loss: 2.8590e+00, Error u,v: 4.7175e-02, 6.6390e-02
It: 14800, Time: 2.07, mse_0: 7.7054e-02, mse_f: 2.7486e+00, total loss: 2.9359e+00, Error u,v: 4.6025e-02, 6.6851e-02
It: 14900, Time: 2.15, mse_0: 2.5371e-02, mse_f: 8.1555e-01, total loss: 8.6669e-01, Error u,v: 4.5868e-02, 6.5918e-02
It: 15000, Time: 2.43, mse_0: 4.9756e-02, mse_f: 3.0293e+00, total loss: 3.1652e+00, Error u,v: 4.5787e-02, 6.3945e-02
It: 15100, Time: 2.17, mse_0: 5.0361e-02, mse_f: 2.5910e+00, total loss: 2.7291e+00, Error u,v: 4.4938e-02, 6.3403e-02
It: 15200, Time: 2.23, mse_0: 1.1119e-02, mse_f: 2.1116e+00, total loss: 2.1914e+00, Error u,v: 4.4247e-02, 6.4141e-02
It: 15300, Time: 2.21, mse_0: 3.4899e-02, mse_f: 1.4470e+00, total loss: 1.5354e+00, Error u,v: 4.4737e-02, 6.4029e-02
It: 15400, Time: 2.06, mse_0: 3.4764e-02, mse_f: 3.5697e+00, total loss: 3.7271e+00, Error u,v: 4.5037e-02, 6.3346e-02
It: 15500, Time: 2.52, mse_0: 3.7611e-02, mse_f: 1.9324e+00, total loss: 2.0615e+00, Error u,v: 4.3918e-02, 6.3057e-02
It: 15600, Time: 2.45, mse_0: 2.3729e-02, mse_f: 2.1279e+00, total loss: 2.2284e+00, Error u,v: 4.2865e-02, 6.2040e-02
It: 15700, Time: 2.44, mse_0: 6.2678e-02, mse_f: 2.2006e+00, total loss: 2.3336e+00, Error u,v: 4.2780e-02, 6.0600e-02
It: 15800, Time: 2.67, mse_0: 1.8049e-02, mse_f: 3.2259e+00, total loss: 3.3159e+00, Error u,v: 4.3082e-02, 6.0044e-02
It: 15900, Time: 2.52, mse_0: 3.2643e-02, mse_f: 5.4526e-01, total loss: 6.0431e-01, Error u,v: 4.2715e-02, 6.1046e-02
It: 16000, Time: 2.45, mse_0: 5.2480e-02, mse_f: 3.1501e+00, total loss: 3.3228e+00, Error u,v: 4.2090e-02, 6.1389e-02
It: 16100, Time: 2.16, mse_0: 4.0788e-02, mse_f: 2.2883e+00, total loss: 2.4274e+00, Error u,v: 4.1790e-02, 6.0195e-02
It: 16200, Time: 2.82, mse_0: 2.6984e-02, mse_f: 1.6143e+00, total loss: 1.6873e+00, Error u,v: 4.1784e-02, 5.9665e-02
It: 16300, Time: 2.66, mse_0: 7.7320e-02, mse_f: 2.5828e+00, total loss: 2.7549e+00, Error u,v: 4.1505e-02, 5.7731e-02
It: 16400, Time: 2.13, mse_0: 9.0320e-03, mse_f: 2.2209e+00, total loss: 2.2914e+00, Error u,v: 4.0704e-02, 5.7909e-02
It: 16500, Time: 2.06, mse_0: 3.3814e-02, mse_f: 2.1032e+00, total loss: 2.2207e+00, Error u,v: 4.0108e-02, 5.9299e-02
It: 16600, Time: 2.16, mse_0: 4.7010e-02, mse_f: 1.1258e+00, total loss: 1.2479e+00, Error u,v: 4.0552e-02, 5.7778e-02
It: 16700, Time: 2.14, mse_0: 3.8405e-02, mse_f: 3.8156e+00, total loss: 3.9707e+00, Error u,v: 4.0965e-02, 5.7493e-02
It: 16800, Time: 1.99, mse_0: 1.5051e-02, mse_f: 1.1992e+00, total loss: 1.2630e+00, Error u,v: 4.0404e-02, 5.6979e-02
It: 16900, Time: 2.16, mse_0: 1.0741e-02, mse_f: 1.3272e+00, total loss: 1.3814e+00, Error u,v: 3.9338e-02, 5.6019e-02
It: 17000, Time: 2.24, mse_0: 3.7352e-02, mse_f: 3.6253e+00, total loss: 3.7895e+00, Error u,v: 3.8553e-02, 5.7126e-02
It: 17100, Time: 2.19, mse_0: 5.3905e-02, mse_f: 1.0424e+00, total loss: 1.1479e+00, Error u,v: 3.8811e-02, 5.5377e-02
It: 17200, Time: 2.13, mse_0: 2.7316e-02, mse_f: 2.2233e+00, total loss: 2.3122e+00, Error u,v: 3.9368e-02, 5.5700e-02
It: 17300, Time: 2.75, mse_0: 3.5110e-02, mse_f: 2.3765e+00, total loss: 2.5196e+00, Error u,v: 3.9312e-02, 5.5148e-02
It: 17400, Time: 2.34, mse_0: 4.0231e-02, mse_f: 2.1753e+00, total loss: 2.3003e+00, Error u,v: 3.8283e-02, 5.5183e-02
It: 17500, Time: 2.27, mse_0: 5.0030e-02, mse_f: 1.2116e+00, total loss: 1.3171e+00, Error u,v: 3.7500e-02, 5.5554e-02
It: 17600, Time: 2.91, mse_0: 9.1165e-02, mse_f: 2.2282e+00, total loss: 2.4092e+00, Error u,v: 3.7601e-02, 5.3216e-02
It: 17700, Time: 2.45, mse_0: 1.2929e-02, mse_f: 3.1327e+00, total loss: 3.2157e+00, Error u,v: 3.7804e-02, 5.2992e-02
It: 17800, Time: 2.48, mse_0: 8.4215e-03, mse_f: 4.1226e-01, total loss: 4.3777e-01, Error u,v: 3.7699e-02, 5.3411e-02
It: 17900, Time: 2.71, mse_0: 4.1422e-02, mse_f: 2.3730e+00, total loss: 2.5060e+00, Error u,v: 3.7261e-02, 5.3523e-02
It: 18000, Time: 2.40, mse_0: 7.4480e-02, mse_f: 2.5367e+00, total loss: 2.7155e+00, Error u,v: 3.6654e-02, 5.4381e-02
It: 18100, Time: 2.49, mse_0: 1.3867e-02, mse_f: 3.1207e-01, total loss: 3.4636e-01, Error u,v: 3.6605e-02, 5.2095e-02
It: 18200, Time: 2.03, mse_0: 1.8283e-02, mse_f: 2.8939e+00, total loss: 2.9837e+00, Error u,v: 3.6499e-02, 5.1744e-02
It: 18300, Time: 2.28, mse_0: 2.6641e-02, mse_f: 1.8742e+00, total loss: 1.9499e+00, Error u,v: 3.6345e-02, 5.0702e-02
It: 18400, Time: 2.33, mse_0: 8.8349e-03, mse_f: 1.3394e+00, total loss: 1.3939e+00, Error u,v: 3.5698e-02, 5.2264e-02
It: 18500, Time: 2.42, mse_0: 3.0776e-02, mse_f: 1.7964e+00, total loss: 1.8934e+00, Error u,v: 3.5692e-02, 5.1921e-02
It: 18600, Time: 2.66, mse_0: 3.4747e-02, mse_f: 2.0628e+00, total loss: 2.1717e+00, Error u,v: 3.5877e-02, 5.2021e-02
It: 18700, Time: 2.28, mse_0: 2.1581e-02, mse_f: 2.3675e+00, total loss: 2.4798e+00, Error u,v: 3.6072e-02, 4.9940e-02
It: 18800, Time: 2.13, mse_0: 5.0407e-03, mse_f: 9.4236e-01, total loss: 9.6835e-01, Error u,v: 3.5301e-02, 5.0306e-02
It: 18900, Time: 2.38, mse_0: 2.6740e-02, mse_f: 2.3528e+00, total loss: 2.4501e+00, Error u,v: 3.4673e-02, 4.9302e-02
It: 19000, Time: 2.44, mse_0: 1.7162e-02, mse_f: 2.7505e+00, total loss: 2.8624e+00, Error u,v: 3.4144e-02, 5.0722e-02
It: 19100, Time: 2.24, mse_0: 1.3842e-02, mse_f: 4.0205e-01, total loss: 4.3874e-01, Error u,v: 3.4487e-02, 4.9581e-02
It: 19200, Time: 2.31, mse_0: 1.9658e-02, mse_f: 2.1136e+00, total loss: 2.2000e+00, Error u,v: 3.4847e-02, 4.9859e-02
It: 19300, Time: 2.56, mse_0: 2.0131e-02, mse_f: 2.8214e+00, total loss: 2.9398e+00, Error u,v: 3.5000e-02, 4.8438e-02
It: 19400, Time: 2.36, mse_0: 1.5001e-02, mse_f: 5.5692e-01, total loss: 5.9736e-01, Error u,v: 3.4150e-02, 4.9061e-02
It: 19500, Time: 2.29, mse_0: 8.3950e-03, mse_f: 1.5387e+00, total loss: 1.5984e+00, Error u,v: 3.3414e-02, 4.8443e-02
It: 19600, Time: 2.48, mse_0: 7.2725e-03, mse_f: 2.2645e+00, total loss: 2.3350e+00, Error u,v: 3.2961e-02, 4.8517e-02
It: 19700, Time: 2.97, mse_0: 1.3932e-02, mse_f: 1.9356e+00, total loss: 1.9939e+00, Error u,v: 3.3122e-02, 4.7304e-02
It: 19800, Time: 2.78, mse_0: 1.9937e-02, mse_f: 1.5866e+00, total loss: 1.6602e+00, Error u,v: 3.3516e-02, 4.7281e-02
It: 19900, Time: 2.47, mse_0: 1.1091e-02, mse_f: 1.1706e+00, total loss: 1.2185e+00, Error u,v: 3.3593e-02, 4.6924e-02
It: 20000, Time: 2.68, mse_0: 2.9059e-02, mse_f: 1.7822e+00, total loss: 1.8853e+00, Error u,v: 3.3202e-02, 4.7573e-02
starting L-BFGS training
It: 100, Time: 3.30, mse_0: 3.8861e-03, mse_f: 1.7951e-01, total loss: 1.9257e-01, Error u,v: 2.8153e-02, 3.9741e-02
It: 200, Time: 4.38, mse_0: 2.5434e-03, mse_f: 1.5623e-01, total loss: 1.6718e-01, Error u,v: 2.1367e-02, 2.9599e-02
It: 300, Time: 5.14, mse_0: 2.6024e-03, mse_f: 1.3351e-01, total loss: 1.4454e-01, Error u,v: 1.5432e-02, 2.1305e-02
It: 400, Time: 4.27, mse_0: 2.8357e-03, mse_f: 1.1550e-01, total loss: 1.2707e-01, Error u,v: 1.1547e-02, 1.6117e-02
It: 500, Time: 4.41, mse_0: 2.2582e-03, mse_f: 1.0384e-01, total loss: 1.1339e-01, Error u,v: 1.1457e-02, 1.5629e-02
It: 600, Time: 3.83, mse_0: 1.8867e-03, mse_f: 9.2406e-02, total loss: 1.0019e-01, Error u,v: 1.0598e-02, 1.3999e-02
It: 700, Time: 4.49, mse_0: 1.6475e-03, mse_f: 7.9969e-02, total loss: 8.6689e-02, Error u,v: 1.0263e-02, 1.3293e-02
It: 800, Time: 4.99, mse_0: 1.9678e-03, mse_f: 6.9756e-02, total loss: 7.5758e-02, Error u,v: 9.4321e-03, 1.1955e-02
It: 900, Time: 5.22, mse_0: 2.0343e-03, mse_f: 6.1326e-02, total loss: 6.7159e-02, Error u,v: 8.1528e-03, 1.0340e-02
It: 1000, Time: 4.87, mse_0: 1.7944e-03, mse_f: 5.4777e-02, total loss: 6.0049e-02, Error u,v: 7.5170e-03, 9.8072e-03
It: 1100, Time: 3.64, mse_0: 1.3263e-03, mse_f: 5.0151e-02, total loss: 5.4427e-02, Error u,v: 6.4805e-03, 8.4989e-03
It: 1200, Time: 5.00, mse_0: 9.2897e-04, mse_f: 4.5545e-02, total loss: 4.9214e-02, Error u,v: 6.1907e-03, 8.1430e-03
It: 1300, Time: 4.51, mse_0: 7.4706e-04, mse_f: 4.1847e-02, total loss: 4.5125e-02, Error u,v: 6.8777e-03, 9.0422e-03
It: 1400, Time: 4.93, mse_0: 7.3372e-04, mse_f: 3.7695e-02, total loss: 4.0817e-02, Error u,v: 6.8240e-03, 8.9415e-03
It: 1500, Time: 4.97, mse_0: 6.7951e-04, mse_f: 3.4435e-02, total loss: 3.7321e-02, Error u,v: 6.4138e-03, 8.5188e-03
It: 1600, Time: 4.48, mse_0: 6.9637e-04, mse_f: 3.1716e-02, total loss: 3.4364e-02, Error u,v: 6.0981e-03, 8.0841e-03
It: 1700, Time: 4.74, mse_0: 6.1795e-04, mse_f: 2.8972e-02, total loss: 3.1512e-02, Error u,v: 5.1752e-03, 7.1508e-03
It: 1800, Time: 4.54, mse_0: 5.0001e-04, mse_f: 2.7093e-02, total loss: 2.9329e-02, Error u,v: 5.0847e-03, 7.0707e-03
It: 1900, Time: 4.79, mse_0: 4.2862e-04, mse_f: 2.5601e-02, total loss: 2.7468e-02, Error u,v: 4.8729e-03, 6.8070e-03
It: 2000, Time: 4.89, mse_0: 3.4106e-04, mse_f: 2.3650e-02, total loss: 2.5322e-02, Error u,v: 4.5890e-03, 6.5366e-03
It: 2100, Time: 4.05, mse_0: 4.3890e-04, mse_f: 2.1674e-02, total loss: 2.3337e-02, Error u,v: 4.2232e-03, 6.0926e-03
It: 2200, Time: 3.88, mse_0: 4.4854e-04, mse_f: 2.0083e-02, total loss: 2.1613e-02, Error u,v: 4.1404e-03, 5.9245e-03
It: 2300, Time: 4.49, mse_0: 3.5680e-04, mse_f: 1.8842e-02, total loss: 2.0216e-02, Error u,v: 4.2649e-03, 5.9987e-03
It: 2400, Time: 4.81, mse_0: 4.5811e-04, mse_f: 1.7392e-02, total loss: 1.8897e-02, Error u,v: 4.2797e-03, 5.9523e-03
It: 2500, Time: 4.43, mse_0: 4.6169e-04, mse_f: 1.6269e-02, total loss: 1.7687e-02, Error u,v: 4.2287e-03, 5.8586e-03
It: 2600, Time: 4.92, mse_0: 4.7254e-04, mse_f: 1.5376e-02, total loss: 1.6760e-02, Error u,v: 4.1019e-03, 5.7544e-03
It: 2700, Time: 4.35, mse_0: 3.6166e-04, mse_f: 1.4530e-02, total loss: 1.5790e-02, Error u,v: 3.9337e-03, 5.6635e-03
It: 2800, Time: 3.75, mse_0: 3.1134e-04, mse_f: 1.3882e-02, total loss: 1.4986e-02, Error u,v: 3.7148e-03, 5.4625e-03
It: 2900, Time: 3.82, mse_0: 2.4133e-04, mse_f: 1.3238e-02, total loss: 1.4208e-02, Error u,v: 3.5856e-03, 5.3690e-03
It: 3000, Time: 3.97, mse_0: 2.1959e-04, mse_f: 1.2532e-02, total loss: 1.3436e-02, Error u,v: 3.4204e-03, 5.1729e-03
It: 3100, Time: 4.12, mse_0: 2.3370e-04, mse_f: 1.1871e-02, total loss: 1.2736e-02, Error u,v: 3.3967e-03, 5.1711e-03
It: 3200, Time: 3.93, mse_0: 2.3173e-04, mse_f: 1.1445e-02, total loss: 1.2265e-02, Error u,v: 3.3683e-03, 5.1629e-03
It: 3300, Time: 4.11, mse_0: 2.1275e-04, mse_f: 1.0926e-02, total loss: 1.1688e-02, Error u,v: 3.4032e-03, 5.1612e-03
It: 3400, Time: 4.31, mse_0: 2.3758e-04, mse_f: 1.0398e-02, total loss: 1.1147e-02, Error u,v: 3.4389e-03, 5.1024e-03
It: 3500, Time: 4.46, mse_0: 2.2283e-04, mse_f: 9.9178e-03, total loss: 1.0630e-02, Error u,v: 3.3471e-03, 4.9499e-03
It: 3600, Time: 4.20, mse_0: 2.4640e-04, mse_f: 9.3836e-03, total loss: 1.0099e-02, Error u,v: 3.3054e-03, 4.8212e-03
It: 3700, Time: 4.33, mse_0: 2.4572e-04, mse_f: 9.0542e-03, total loss: 9.7473e-03, Error u,v: 3.2238e-03, 4.6504e-03
It: 3800, Time: 4.31, mse_0: 2.5836e-04, mse_f: 8.6720e-03, total loss: 9.3649e-03, Error u,v: 2.9109e-03, 4.1897e-03
It: 3900, Time: 4.46, mse_0: 2.6528e-04, mse_f: 8.2754e-03, total loss: 8.9734e-03, Error u,v: 2.6828e-03, 3.7792e-03
It: 4000, Time: 3.85, mse_0: 2.4884e-04, mse_f: 7.9864e-03, total loss: 8.6579e-03, Error u,v: 2.4556e-03, 3.3998e-03
It: 4100, Time: 4.16, mse_0: 2.5303e-04, mse_f: 7.6398e-03, total loss: 8.3213e-03, Error u,v: 2.2379e-03, 3.0238e-03
It: 4200, Time: 3.98, mse_0: 2.1892e-04, mse_f: 7.2571e-03, total loss: 7.9009e-03, Error u,v: 2.1091e-03, 2.8048e-03
It: 4300, Time: 3.87, mse_0: 2.0945e-04, mse_f: 6.9116e-03, total loss: 7.5247e-03, Error u,v: 1.9501e-03, 2.5842e-03
It: 4400, Time: 4.05, mse_0: 1.9168e-04, mse_f: 6.5331e-03, total loss: 7.1334e-03, Error u,v: 1.7307e-03, 2.2786e-03
It: 4500, Time: 3.90, mse_0: 1.9650e-04, mse_f: 6.2566e-03, total loss: 6.8463e-03, Error u,v: 1.4666e-03, 1.9241e-03
It: 4600, Time: 3.81, mse_0: 1.9383e-04, mse_f: 5.9530e-03, total loss: 6.5229e-03, Error u,v: 1.3729e-03, 1.7929e-03
It: 4700, Time: 3.79, mse_0: 2.0809e-04, mse_f: 5.6876e-03, total loss: 6.2556e-03, Error u,v: 1.1872e-03, 1.5604e-03
It: 4800, Time: 3.74, mse_0: 1.6386e-04, mse_f: 5.4830e-03, total loss: 6.0108e-03, Error u,v: 1.0757e-03, 1.4318e-03
It: 4900, Time: 3.73, mse_0: 1.2937e-04, mse_f: 5.2499e-03, total loss: 5.7205e-03, Error u,v: 1.0240e-03, 1.3530e-03
It: 5000, Time: 4.02, mse_0: 1.0388e-04, mse_f: 5.0580e-03, total loss: 5.4766e-03, Error u,v: 9.0279e-04, 1.1652e-03
It: 5100, Time: 3.89, mse_0: 1.0342e-04, mse_f: 4.7956e-03, total loss: 5.2230e-03, Error u,v: 8.7586e-04, 1.0940e-03
It: 5200, Time: 3.83, mse_0: 9.7328e-05, mse_f: 4.5625e-03, total loss: 4.9629e-03, Error u,v: 7.0103e-04, 8.9636e-04
It: 5300, Time: 4.32, mse_0: 8.6922e-05, mse_f: 4.3773e-03, total loss: 4.7657e-03, Error u,v: 6.4813e-04, 8.5769e-04
It: 5400, Time: 3.73, mse_0: 7.7023e-05, mse_f: 4.1889e-03, total loss: 4.5528e-03, Error u,v: 6.0888e-04, 8.5346e-04
It: 5500, Time: 4.03, mse_0: 7.3640e-05, mse_f: 4.0513e-03, total loss: 4.3915e-03, Error u,v: 5.7496e-04, 8.3849e-04
It: 5600, Time: 3.74, mse_0: 7.2249e-05, mse_f: 3.9232e-03, total loss: 4.2453e-03, Error u,v: 5.8802e-04, 8.5416e-04
It: 5700, Time: 4.43, mse_0: 7.1036e-05, mse_f: 3.7726e-03, total loss: 4.1023e-03, Error u,v: 5.7513e-04, 8.4063e-04
It: 5800, Time: 4.46, mse_0: 6.5607e-05, mse_f: 3.6676e-03, total loss: 3.9921e-03, Error u,v: 5.6710e-04, 8.4570e-04
It: 5900, Time: 4.54, mse_0: 6.2911e-05, mse_f: 3.5714e-03, total loss: 3.8887e-03, Error u,v: 5.5150e-04, 8.6596e-04
It: 6000, Time: 4.16, mse_0: 6.2026e-05, mse_f: 3.4898e-03, total loss: 3.7846e-03, Error u,v: 5.7467e-04, 8.9271e-04
It: 6100, Time: 3.90, mse_0: 5.6848e-05, mse_f: 3.3861e-03, total loss: 3.6843e-03, Error u,v: 6.0765e-04, 8.9000e-04
It: 6200, Time: 3.81, mse_0: 5.8028e-05, mse_f: 3.3096e-03, total loss: 3.5865e-03, Error u,v: 6.5421e-04, 9.2766e-04
It: 6300, Time: 3.87, mse_0: 5.6903e-05, mse_f: 3.2289e-03, total loss: 3.4981e-03, Error u,v: 7.2427e-04, 1.0267e-03
It: 6400, Time: 4.23, mse_0: 5.4878e-05, mse_f: 3.1262e-03, total loss: 3.3741e-03, Error u,v: 7.1681e-04, 1.0233e-03
It: 6500, Time: 4.54, mse_0: 5.3626e-05, mse_f: 2.9992e-03, total loss: 3.2464e-03, Error u,v: 6.6699e-04, 9.7882e-04
It: 6600, Time: 4.55, mse_0: 4.4883e-05, mse_f: 2.9145e-03, total loss: 3.1447e-03, Error u,v: 6.0866e-04, 9.2555e-04
It: 6700, Time: 4.59, mse_0: 4.3151e-05, mse_f: 2.8249e-03, total loss: 3.0447e-03, Error u,v: 6.1413e-04, 9.3567e-04
It: 6800, Time: 4.63, mse_0: 4.1901e-05, mse_f: 2.7610e-03, total loss: 2.9728e-03, Error u,v: 6.8850e-04, 1.0324e-03
It: 6900, Time: 4.57, mse_0: 3.5936e-05, mse_f: 2.6862e-03, total loss: 2.8797e-03, Error u,v: 7.0344e-04, 1.0534e-03
It: 7000, Time: 4.79, mse_0: 3.2623e-05, mse_f: 2.6075e-03, total loss: 2.7990e-03, Error u,v: 6.6617e-04, 1.0314e-03
It: 7100, Time: 4.64, mse_0: 3.2025e-05, mse_f: 2.5219e-03, total loss: 2.7147e-03, Error u,v: 6.5712e-04, 1.0240e-03
It: 7200, Time: 4.51, mse_0: 3.1848e-05, mse_f: 2.4550e-03, total loss: 2.6426e-03, Error u,v: 6.0682e-04, 9.7251e-04
It: 7300, Time: 4.35, mse_0: 3.2382e-05, mse_f: 2.3937e-03, total loss: 2.5785e-03, Error u,v: 5.6520e-04, 9.2816e-04
It: 7400, Time: 3.91, mse_0: 3.2560e-05, mse_f: 2.3239e-03, total loss: 2.5136e-03, Error u,v: 5.5395e-04, 8.9432e-04
It: 7500, Time: 3.66, mse_0: 3.2210e-05, mse_f: 2.2642e-03, total loss: 2.4582e-03, Error u,v: 6.2069e-04, 9.5154e-04
It: 7600, Time: 4.06, mse_0: 2.4069e-05, mse_f: 2.2073e-03, total loss: 2.3934e-03, Error u,v: 6.3078e-04, 9.5272e-04
It: 7700, Time: 4.45, mse_0: 2.0808e-05, mse_f: 2.1510e-03, total loss: 2.3334e-03, Error u,v: 5.7934e-04, 9.0019e-04
It: 7800, Time: 5.11, mse_0: 1.7689e-05, mse_f: 2.0938e-03, total loss: 2.2712e-03, Error u,v: 5.7951e-04, 8.8832e-04
It: 7900, Time: 4.82, mse_0: 1.8363e-05, mse_f: 2.0374e-03, total loss: 2.2150e-03, Error u,v: 5.5375e-04, 8.4238e-04
It: 8000, Time: 4.17, mse_0: 1.6090e-05, mse_f: 1.9866e-03, total loss: 2.1510e-03, Error u,v: 4.2978e-04, 6.9345e-04
It: 8100, Time: 4.11, mse_0: 1.7606e-05, mse_f: 1.9414e-03, total loss: 2.1014e-03, Error u,v: 3.5350e-04, 6.0307e-04
It: 8200, Time: 4.77, mse_0: 1.7697e-05, mse_f: 1.9004e-03, total loss: 2.0538e-03, Error u,v: 3.2240e-04, 5.5005e-04
It: 8300, Time: 4.66, mse_0: 1.7258e-05, mse_f: 1.8682e-03, total loss: 2.0117e-03, Error u,v: 2.9887e-04, 4.9754e-04
It: 8400, Time: 5.04, mse_0: 1.6098e-05, mse_f: 1.8322e-03, total loss: 1.9714e-03, Error u,v: 2.3870e-04, 4.2399e-04
It: 8500, Time: 5.26, mse_0: 1.3755e-05, mse_f: 1.7983e-03, total loss: 1.9276e-03, Error u,v: 2.0476e-04, 3.8359e-04
It: 8600, Time: 4.83, mse_0: 1.3613e-05, mse_f: 1.7533e-03, total loss: 1.8803e-03, Error u,v: 1.7567e-04, 3.5460e-04
It: 8700, Time: 5.06, mse_0: 1.3944e-05, mse_f: 1.7110e-03, total loss: 1.8360e-03, Error u,v: 1.7339e-04, 3.4253e-04
It: 8800, Time: 5.38, mse_0: 1.4702e-05, mse_f: 1.6721e-03, total loss: 1.7935e-03, Error u,v: 2.0872e-04, 3.5224e-04
It: 8900, Time: 5.20, mse_0: 1.5346e-05, mse_f: 1.6323e-03, total loss: 1.7536e-03, Error u,v: 1.7718e-04, 3.1245e-04
It: 9000, Time: 5.17, mse_0: 1.4446e-05, mse_f: 1.5978e-03, total loss: 1.7164e-03, Error u,v: 1.4145e-04, 2.6422e-04
It: 9100, Time: 4.78, mse_0: 1.3300e-05, mse_f: 1.5567e-03, total loss: 1.6768e-03, Error u,v: 1.6477e-04, 2.6501e-04
It: 9200, Time: 4.72, mse_0: 1.3599e-05, mse_f: 1.5277e-03, total loss: 1.6421e-03, Error u,v: 1.5381e-04, 2.4283e-04
It: 9300, Time: 5.35, mse_0: 1.3545e-05, mse_f: 1.4994e-03, total loss: 1.6057e-03, Error u,v: 1.2544e-04, 2.0260e-04
It: 9400, Time: 4.09, mse_0: 1.5109e-05, mse_f: 1.4713e-03, total loss: 1.5789e-03, Error u,v: 1.2020e-04, 1.9194e-04
It: 9500, Time: 5.30, mse_0: 1.4900e-05, mse_f: 1.4493e-03, total loss: 1.5551e-03, Error u,v: 1.0846e-04, 1.7936e-04
It: 9600, Time: 5.53, mse_0: 1.5223e-05, mse_f: 1.4203e-03, total loss: 1.5276e-03, Error u,v: 1.4288e-04, 2.1479e-04
It: 9700, Time: 5.38, mse_0: 1.3581e-05, mse_f: 1.3883e-03, total loss: 1.4968e-03, Error u,v: 1.4527e-04, 2.1714e-04
It: 9800, Time: 5.18, mse_0: 1.2133e-05, mse_f: 1.3606e-03, total loss: 1.4672e-03, Error u,v: 1.4132e-04, 2.1283e-04
It: 9900, Time: 4.94, mse_0: 1.0727e-05, mse_f: 1.3317e-03, total loss: 1.4328e-03, Error u,v: 1.4216e-04, 2.1090e-04
It: 10000, Time: 5.49, mse_0: 9.2210e-06, mse_f: 1.3013e-03, total loss: 1.3991e-03, Error u,v: 1.0437e-04, 1.6314e-04
It: 10100, Time: 5.34, mse_0: 9.5565e-06, mse_f: 1.2723e-03, total loss: 1.3663e-03, Error u,v: 9.8830e-05, 1.5425e-04
It: 10200, Time: 3.80, mse_0: 9.7867e-06, mse_f: 1.2404e-03, total loss: 1.3301e-03, Error u,v: 1.1151e-04, 1.6309e-04
It: 10300, Time: 3.80, mse_0: 9.0739e-06, mse_f: 1.2157e-03, total loss: 1.3033e-03, Error u,v: 1.5143e-04, 2.0994e-04
It: 10400, Time: 3.70, mse_0: 8.7058e-06, mse_f: 1.1900e-03, total loss: 1.2799e-03, Error u,v: 1.4155e-04, 2.0438e-04
It: 10500, Time: 3.75, mse_0: 8.0032e-06, mse_f: 1.1651e-03, total loss: 1.2527e-03, Error u,v: 1.3193e-04, 1.8889e-04
It: 10600, Time: 3.70, mse_0: 7.9324e-06, mse_f: 1.1433e-03, total loss: 1.2261e-03, Error u,v: 1.0253e-04, 1.4379e-04
It: 10700, Time: 5.04, mse_0: 8.6657e-06, mse_f: 1.1191e-03, total loss: 1.1985e-03, Error u,v: 1.0540e-04, 1.3756e-04
It: 10800, Time: 5.06, mse_0: 8.4385e-06, mse_f: 1.0885e-03, total loss: 1.1721e-03, Error u,v: 1.1950e-04, 1.4097e-04
It: 10900, Time: 4.20, mse_0: 8.7860e-06, mse_f: 1.0662e-03, total loss: 1.1504e-03, Error u,v: 1.4087e-04, 1.6464e-04
It: 11000, Time: 4.11, mse_0: 7.7830e-06, mse_f: 1.0424e-03, total loss: 1.1224e-03, Error u,v: 1.5088e-04, 1.8458e-04
It: 11100, Time: 5.10, mse_0: 8.5370e-06, mse_f: 1.0209e-03, total loss: 1.0998e-03, Error u,v: 1.3845e-04, 1.8904e-04
It: 11200, Time: 5.16, mse_0: 9.9565e-06, mse_f: 1.0001e-03, total loss: 1.0778e-03, Error u,v: 1.5006e-04, 2.1474e-04
It: 11300, Time: 5.22, mse_0: 1.0592e-05, mse_f: 9.7998e-04, total loss: 1.0568e-03, Error u,v: 1.6512e-04, 2.3812e-04
It: 11400, Time: 4.02, mse_0: 9.1011e-06, mse_f: 9.6607e-04, total loss: 1.0383e-03, Error u,v: 1.6742e-04, 2.3917e-04
It: 11500, Time: 3.65, mse_0: 9.0559e-06, mse_f: 9.4480e-04, total loss: 1.0178e-03, Error u,v: 1.7049e-04, 2.4272e-04
It: 11600, Time: 4.19, mse_0: 7.8765e-06, mse_f: 9.2684e-04, total loss: 9.9765e-04, Error u,v: 1.7467e-04, 2.4916e-04
It: 11700, Time: 3.89, mse_0: 8.0118e-06, mse_f: 9.0489e-04, total loss: 9.7991e-04, Error u,v: 1.8490e-04, 2.6298e-04
It: 11800, Time: 4.18, mse_0: 7.5190e-06, mse_f: 8.9202e-04, total loss: 9.6652e-04, Error u,v: 1.8497e-04, 2.7673e-04
It: 11900, Time: 4.33, mse_0: 7.7544e-06, mse_f: 8.7792e-04, total loss: 9.5357e-04, Error u,v: 1.8501e-04, 2.8163e-04
It: 12000, Time: 3.98, mse_0: 7.2836e-06, mse_f: 8.6505e-04, total loss: 9.4122e-04, Error u,v: 1.8812e-04, 2.8655e-04
It: 12100, Time: 5.25, mse_0: 6.8717e-06, mse_f: 8.5379e-04, total loss: 9.2843e-04, Error u,v: 1.7712e-04, 2.8522e-04
It: 12200, Time: 3.74, mse_0: 5.4612e-06, mse_f: 8.4227e-04, total loss: 9.1549e-04, Error u,v: 1.8063e-04, 2.9024e-04
It: 12300, Time: 4.13, mse_0: 5.7156e-06, mse_f: 8.2989e-04, total loss: 9.0375e-04, Error u,v: 1.7356e-04, 2.8012e-04
It: 12400, Time: 4.46, mse_0: 5.2083e-06, mse_f: 8.2305e-04, total loss: 8.9546e-04, Error u,v: 1.6110e-04, 2.6586e-04
It: 12500, Time: 4.24, mse_0: 4.9464e-06, mse_f: 8.1405e-04, total loss: 8.8526e-04, Error u,v: 1.6570e-04, 2.6772e-04
It: 12600, Time: 4.13, mse_0: 4.7160e-06, mse_f: 8.0808e-04, total loss: 8.7530e-04, Error u,v: 1.7782e-04, 2.8151e-04
It: 12700, Time: 3.81, mse_0: 4.3509e-06, mse_f: 8.0245e-04, total loss: 8.6640e-04, Error u,v: 1.9166e-04, 2.9427e-04
It: 12800, Time: 4.94, mse_0: 4.2594e-06, mse_f: 7.9448e-04, total loss: 8.5722e-04, Error u,v: 2.0315e-04, 2.9497e-04
It: 12900, Time: 5.18, mse_0: 4.1394e-06, mse_f: 7.8562e-04, total loss: 8.4749e-04, Error u,v: 2.1174e-04, 2.9739e-04
It: 13000, Time: 4.11, mse_0: 3.8867e-06, mse_f: 7.7870e-04, total loss: 8.3889e-04, Error u,v: 1.9620e-04, 2.7691e-04
It: 13100, Time: 5.00, mse_0: 4.4725e-06, mse_f: 7.6851e-04, total loss: 8.2878e-04, Error u,v: 1.8406e-04, 2.5147e-04
It: 13200, Time: 4.82, mse_0: 4.3701e-06, mse_f: 7.6188e-04, total loss: 8.2289e-04, Error u,v: 1.8511e-04, 2.4423e-04
It: 13300, Time: 4.68, mse_0: 4.4535e-06, mse_f: 7.5538e-04, total loss: 8.1555e-04, Error u,v: 1.8188e-04, 2.3383e-04
It: 13400, Time: 4.66, mse_0: 4.3481e-06, mse_f: 7.4996e-04, total loss: 8.0963e-04, Error u,v: 1.8006e-04, 2.3155e-04
It: 13500, Time: 4.69, mse_0: 4.3921e-06, mse_f: 7.4221e-04, total loss: 8.0129e-04, Error u,v: 1.8319e-04, 2.3896e-04
It: 13600, Time: 4.47, mse_0: 4.0157e-06, mse_f: 7.3450e-04, total loss: 7.9152e-04, Error u,v: 1.8807e-04, 2.5047e-04
It: 13700, Time: 4.18, mse_0: 3.8085e-06, mse_f: 7.2687e-04, total loss: 7.8292e-04, Error u,v: 1.8981e-04, 2.5084e-04
It: 13800, Time: 3.81, mse_0: 4.0114e-06, mse_f: 7.2168e-04, total loss: 7.7658e-04, Error u,v: 2.0142e-04, 2.6817e-04
It: 13900, Time: 4.15, mse_0: 3.8910e-06, mse_f: 7.1546e-04, total loss: 7.6991e-04, Error u,v: 2.0820e-04, 2.7562e-04
It: 14000, Time: 4.02, mse_0: 4.1083e-06, mse_f: 7.1008e-04, total loss: 7.6276e-04, Error u,v: 2.0695e-04, 2.6910e-04
It: 14100, Time: 4.26, mse_0: 4.2624e-06, mse_f: 7.0256e-04, total loss: 7.5517e-04, Error u,v: 2.0274e-04, 2.6441e-04
It: 14200, Time: 3.66, mse_0: 4.0987e-06, mse_f: 6.9488e-04, total loss: 7.4645e-04, Error u,v: 2.0002e-04, 2.6546e-04
It: 14300, Time: 3.84, mse_0: 3.9172e-06, mse_f: 6.8843e-04, total loss: 7.3772e-04, Error u,v: 2.0163e-04, 2.6540e-04
It: 14400, Time: 3.81, mse_0: 3.9220e-06, mse_f: 6.8278e-04, total loss: 7.2974e-04, Error u,v: 1.9603e-04, 2.5982e-04
It: 14500, Time: 4.06, mse_0: 3.9864e-06, mse_f: 6.7620e-04, total loss: 7.2199e-04, Error u,v: 1.8550e-04, 2.5011e-04
It: 14600, Time: 4.09, mse_0: 3.7792e-06, mse_f: 6.6684e-04, total loss: 7.1219e-04, Error u,v: 2.0411e-04, 2.7624e-04
It: 14700, Time: 4.21, mse_0: 3.5249e-06, mse_f: 6.6108e-04, total loss: 7.0447e-04, Error u,v: 2.0947e-04, 2.8716e-04
It: 14800, Time: 4.26, mse_0: 3.2436e-06, mse_f: 6.5354e-04, total loss: 6.9832e-04, Error u,v: 2.0275e-04, 2.7271e-04
It: 14900, Time: 3.88, mse_0: 3.0060e-06, mse_f: 6.4735e-04, total loss: 6.9251e-04, Error u,v: 1.9285e-04, 2.5800e-04
It: 15000, Time: 4.91, mse_0: 2.9458e-06, mse_f: 6.4284e-04, total loss: 6.8770e-04, Error u,v: 1.9687e-04, 2.6654e-04
It: 15100, Time: 4.02, mse_0: 3.2119e-06, mse_f: 6.3949e-04, total loss: 6.8372e-04, Error u,v: 2.0075e-04, 2.7714e-04
It: 15200, Time: 4.40, mse_0: 3.0149e-06, mse_f: 6.3232e-04, total loss: 6.7774e-04, Error u,v: 2.0714e-04, 2.9391e-04
It: 15300, Time: 4.77, mse_0: 3.0558e-06, mse_f: 6.2609e-04, total loss: 6.7230e-04, Error u,v: 2.0130e-04, 2.8571e-04
It: 15400, Time: 4.87, mse_0: 3.1787e-06, mse_f: 6.2152e-04, total loss: 6.6729e-04, Error u,v: 2.1170e-04, 2.9898e-04
It: 15500, Time: 4.08, mse_0: 3.2325e-06, mse_f: 6.1612e-04, total loss: 6.6119e-04, Error u,v: 2.2610e-04, 3.1856e-04
It: 15600, Time: 4.04, mse_0: 3.2031e-06, mse_f: 6.1386e-04, total loss: 6.5713e-04, Error u,v: 2.1891e-04, 3.0914e-04
It: 15700, Time: 3.41, mse_0: 3.0364e-06, mse_f: 6.0837e-04, total loss: 6.5018e-04, Error u,v: 2.2222e-04, 3.0947e-04
It: 15800, Time: 3.57, mse_0: 3.3886e-06, mse_f: 6.0207e-04, total loss: 6.4448e-04, Error u,v: 2.2563e-04, 3.1336e-04
It: 15900, Time: 3.51, mse_0: 3.3880e-06, mse_f: 5.9826e-04, total loss: 6.4020e-04, Error u,v: 2.2370e-04, 3.1432e-04
It: 16000, Time: 3.53, mse_0: 3.4264e-06, mse_f: 5.9403e-04, total loss: 6.3559e-04, Error u,v: 2.2285e-04, 3.1487e-04
It: 16100, Time: 3.57, mse_0: 3.5091e-06, mse_f: 5.8892e-04, total loss: 6.3018e-04, Error u,v: 2.1846e-04, 3.1316e-04
It: 16200, Time: 3.70, mse_0: 3.3932e-06, mse_f: 5.8484e-04, total loss: 6.2565e-04, Error u,v: 2.1454e-04, 3.0546e-04
It: 16300, Time: 4.66, mse_0: 3.0159e-06, mse_f: 5.7661e-04, total loss: 6.1790e-04, Error u,v: 2.0355e-04, 2.8819e-04
It: 16400, Time: 3.95, mse_0: 2.5604e-06, mse_f: 5.7300e-04, total loss: 6.1280e-04, Error u,v: 1.9372e-04, 2.7202e-04
It: 16500, Time: 3.86, mse_0: 2.6758e-06, mse_f: 5.6721e-04, total loss: 6.0680e-04, Error u,v: 1.9189e-04, 2.6864e-04
It: 16600, Time: 4.21, mse_0: 2.5735e-06, mse_f: 5.6283e-04, total loss: 6.0114e-04, Error u,v: 1.8211e-04, 2.4791e-04
It: 16700, Time: 4.10, mse_0: 2.7964e-06, mse_f: 5.5766e-04, total loss: 5.9630e-04, Error u,v: 1.7470e-04, 2.3368e-04
It: 16800, Time: 3.76, mse_0: 2.9451e-06, mse_f: 5.5379e-04, total loss: 5.9194e-04, Error u,v: 1.6984e-04, 2.2334e-04
It: 16900, Time: 4.05, mse_0: 2.8468e-06, mse_f: 5.4999e-04, total loss: 5.8759e-04, Error u,v: 1.7035e-04, 2.2029e-04
It: 17000, Time: 3.70, mse_0: 2.8740e-06, mse_f: 5.4682e-04, total loss: 5.8340e-04, Error u,v: 1.6577e-04, 2.1557e-04
It: 17100, Time: 3.86, mse_0: 2.6689e-06, mse_f: 5.4353e-04, total loss: 5.7953e-04, Error u,v: 1.6411e-04, 2.0941e-04
It: 17200, Time: 4.02, mse_0: 2.6649e-06, mse_f: 5.3694e-04, total loss: 5.7380e-04, Error u,v: 1.5627e-04, 2.0610e-04
It: 17300, Time: 4.65, mse_0: 2.6045e-06, mse_f: 5.3263e-04, total loss: 5.6939e-04, Error u,v: 1.4306e-04, 1.9485e-04
It: 17400, Time: 4.53, mse_0: 2.7805e-06, mse_f: 5.2946e-04, total loss: 5.6629e-04, Error u,v: 1.3427e-04, 1.8952e-04
It: 17500, Time: 4.54, mse_0: 3.2800e-06, mse_f: 5.2679e-04, total loss: 5.6228e-04, Error u,v: 1.2939e-04, 1.8876e-04
It: 17600, Time: 4.62, mse_0: 3.4054e-06, mse_f: 5.2391e-04, total loss: 5.5833e-04, Error u,v: 1.2769e-04, 1.8692e-04
It: 17700, Time: 4.15, mse_0: 3.5994e-06, mse_f: 5.2094e-04, total loss: 5.5475e-04, Error u,v: 1.2815e-04, 1.9096e-04
It: 17800, Time: 4.40, mse_0: 3.4180e-06, mse_f: 5.1684e-04, total loss: 5.5088e-04, Error u,v: 1.2663e-04, 1.8756e-04
It: 17900, Time: 4.70, mse_0: 3.5521e-06, mse_f: 5.1387e-04, total loss: 5.4770e-04, Error u,v: 1.2883e-04, 1.8150e-04
It: 18000, Time: 4.32, mse_0: 3.4513e-06, mse_f: 5.1169e-04, total loss: 5.4476e-04, Error u,v: 1.3213e-04, 1.8044e-04
It: 18100, Time: 4.39, mse_0: 3.3264e-06, mse_f: 5.1011e-04, total loss: 5.4265e-04, Error u,v: 1.3414e-04, 1.8151e-04
It: 18200, Time: 4.10, mse_0: 3.2923e-06, mse_f: 5.0693e-04, total loss: 5.3946e-04, Error u,v: 1.3489e-04, 1.7984e-04
It: 18300, Time: 4.82, mse_0: 3.5074e-06, mse_f: 5.0370e-04, total loss: 5.3660e-04, Error u,v: 1.4893e-04, 1.9089e-04
It: 18400, Time: 3.74, mse_0: 3.8505e-06, mse_f: 4.9940e-04, total loss: 5.3351e-04, Error u,v: 1.5118e-04, 1.9330e-04
It: 18500, Time: 4.56, mse_0: 4.0081e-06, mse_f: 4.9639e-04, total loss: 5.3088e-04, Error u,v: 1.5117e-04, 1.9210e-04
It: 18600, Time: 4.33, mse_0: 4.0333e-06, mse_f: 4.9490e-04, total loss: 5.2826e-04, Error u,v: 1.4733e-04, 1.8557e-04
It: 18700, Time: 4.62, mse_0: 4.2056e-06, mse_f: 4.9226e-04, total loss: 5.2609e-04, Error u,v: 1.4539e-04, 1.8270e-04
It: 18800, Time: 4.73, mse_0: 3.9897e-06, mse_f: 4.8994e-04, total loss: 5.2368e-04, Error u,v: 1.4596e-04, 1.8263e-04
It: 18900, Time: 4.74, mse_0: 4.2811e-06, mse_f: 4.8748e-04, total loss: 5.2110e-04, Error u,v: 1.4474e-04, 1.8494e-04
It: 19000, Time: 4.91, mse_0: 4.6407e-06, mse_f: 4.8527e-04, total loss: 5.1890e-04, Error u,v: 1.4229e-04, 1.8445e-04
It: 19100, Time: 4.83, mse_0: 4.7281e-06, mse_f: 4.8200e-04, total loss: 5.1604e-04, Error u,v: 1.2881e-04, 1.7367e-04
It: 19200, Time: 4.57, mse_0: 4.6293e-06, mse_f: 4.7954e-04, total loss: 5.1338e-04, Error u,v: 1.2283e-04, 1.7340e-04
It: 19300, Time: 4.62, mse_0: 4.6888e-06, mse_f: 4.7625e-04, total loss: 5.0946e-04, Error u,v: 1.1125e-04, 1.6690e-04
It: 19400, Time: 4.77, mse_0: 4.7061e-06, mse_f: 4.7305e-04, total loss: 5.0584e-04, Error u,v: 1.1523e-04, 1.7694e-04
It: 19500, Time: 4.72, mse_0: 4.5927e-06, mse_f: 4.6969e-04, total loss: 5.0188e-04, Error u,v: 1.2026e-04, 1.8892e-04
It: 19600, Time: 5.15, mse_0: 4.4411e-06, mse_f: 4.6600e-04, total loss: 4.9847e-04, Error u,v: 1.1806e-04, 1.8987e-04
It: 19700, Time: 4.86, mse_0: 4.4842e-06, mse_f: 4.6343e-04, total loss: 4.9588e-04, Error u,v: 1.2029e-04, 1.9067e-04
It: 19800, Time: 4.62, mse_0: 4.4595e-06, mse_f: 4.6011e-04, total loss: 4.9287e-04, Error u,v: 1.1968e-04, 1.8439e-04
It: 19900, Time: 4.98, mse_0: 4.2921e-06, mse_f: 4.5715e-04, total loss: 4.8946e-04, Error u,v: 1.2234e-04, 1.8731e-04
It: 20000, Time: 5.08, mse_0: 4.0804e-06, mse_f: 4.5509e-04, total loss: 4.8706e-04, Error u,v: 1.1942e-04, 1.8393e-04
It: 20100, Time: 4.79, mse_0: 3.9678e-06, mse_f: 4.5252e-04, total loss: 4.8462e-04, Error u,v: 1.1599e-04, 1.8514e-04
It: 20200, Time: 4.96, mse_0: 3.7539e-06, mse_f: 4.4873e-04, total loss: 4.8145e-04, Error u,v: 1.1373e-04, 1.8623e-04
It: 20300, Time: 5.09, mse_0: 3.7526e-06, mse_f: 4.4614e-04, total loss: 4.7889e-04, Error u,v: 1.1837e-04, 1.9352e-04
It: 20400, Time: 4.97, mse_0: 3.6375e-06, mse_f: 4.4264e-04, total loss: 4.7561e-04, Error u,v: 1.1774e-04, 1.9011e-04
It: 20500, Time: 4.42, mse_0: 3.6358e-06, mse_f: 4.3985e-04, total loss: 4.7232e-04, Error u,v: 1.1385e-04, 1.8489e-04
It: 20600, Time: 4.36, mse_0: 3.4335e-06, mse_f: 4.3723e-04, total loss: 4.6947e-04, Error u,v: 9.9643e-05, 1.6114e-04
It: 20700, Time: 4.75, mse_0: 3.4186e-06, mse_f: 4.3442e-04, total loss: 4.6655e-04, Error u,v: 9.0070e-05, 1.4498e-04
It: 20800, Time: 4.90, mse_0: 3.4384e-06, mse_f: 4.3178e-04, total loss: 4.6344e-04, Error u,v: 8.4003e-05, 1.3336e-04
It: 20900, Time: 5.24, mse_0: 3.5806e-06, mse_f: 4.2963e-04, total loss: 4.6109e-04, Error u,v: 8.2887e-05, 1.3140e-04
It: 21000, Time: 4.93, mse_0: 3.6513e-06, mse_f: 4.2767e-04, total loss: 4.5809e-04, Error u,v: 9.1420e-05, 1.4071e-04
It: 21100, Time: 4.70, mse_0: 3.9908e-06, mse_f: 4.2619e-04, total loss: 4.5570e-04, Error u,v: 9.1650e-05, 1.3885e-04
It: 21200, Time: 4.20, mse_0: 3.7986e-06, mse_f: 4.2313e-04, total loss: 4.5224e-04, Error u,v: 7.9799e-05, 1.1846e-04
It: 21300, Time: 4.03, mse_0: 3.6296e-06, mse_f: 4.2137e-04, total loss: 4.4967e-04, Error u,v: 7.2970e-05, 1.0711e-04
It: 21400, Time: 4.83, mse_0: 3.6950e-06, mse_f: 4.1933e-04, total loss: 4.4770e-04, Error u,v: 6.6539e-05, 9.3182e-05
It: 21500, Time: 5.30, mse_0: 3.7735e-06, mse_f: 4.1712e-04, total loss: 4.4529e-04, Error u,v: 6.4615e-05, 8.1470e-05
It: 21600, Time: 4.56, mse_0: 3.7603e-06, mse_f: 4.1394e-04, total loss: 4.4250e-04, Error u,v: 7.1978e-05, 8.5823e-05
It: 21700, Time: 5.08, mse_0: 3.5391e-06, mse_f: 4.1175e-04, total loss: 4.3982e-04, Error u,v: 8.3548e-05, 9.5548e-05
It: 21800, Time: 4.28, mse_0: 3.3565e-06, mse_f: 4.0936e-04, total loss: 4.3740e-04, Error u,v: 8.8876e-05, 9.9112e-05
It: 21900, Time: 5.02, mse_0: 3.2137e-06, mse_f: 4.0680e-04, total loss: 4.3524e-04, Error u,v: 8.9466e-05, 9.9411e-05
It: 22000, Time: 4.43, mse_0: 3.1785e-06, mse_f: 4.0412e-04, total loss: 4.3319e-04, Error u,v: 7.1949e-05, 7.6891e-05
It: 22100, Time: 4.25, mse_0: 3.1734e-06, mse_f: 4.0148e-04, total loss: 4.3114e-04, Error u,v: 6.4716e-05, 6.9817e-05
It: 22200, Time: 4.29, mse_0: 3.1834e-06, mse_f: 3.9952e-04, total loss: 4.2901e-04, Error u,v: 6.4755e-05, 7.0102e-05
It: 22300, Time: 3.83, mse_0: 3.1124e-06, mse_f: 3.9769e-04, total loss: 4.2675e-04, Error u,v: 6.9441e-05, 7.5010e-05
It: 22400, Time: 5.01, mse_0: 3.0134e-06, mse_f: 3.9659e-04, total loss: 4.2488e-04, Error u,v: 7.3590e-05, 7.8340e-05
It: 22500, Time: 4.10, mse_0: 2.9775e-06, mse_f: 3.9501e-04, total loss: 4.2326e-04, Error u,v: 7.0807e-05, 7.4867e-05
It: 22600, Time: 4.87, mse_0: 2.9733e-06, mse_f: 3.9366e-04, total loss: 4.2138e-04, Error u,v: 6.4913e-05, 6.9508e-05
It: 22700, Time: 5.29, mse_0: 2.8597e-06, mse_f: 3.9216e-04, total loss: 4.1965e-04, Error u,v: 6.4202e-05, 6.8515e-05
It: 22800, Time: 4.51, mse_0: 2.7992e-06, mse_f: 3.9021e-04, total loss: 4.1717e-04, Error u,v: 6.9339e-05, 7.2007e-05
It: 22900, Time: 4.21, mse_0: 2.9383e-06, mse_f: 3.8908e-04, total loss: 4.1539e-04, Error u,v: 7.2325e-05, 7.6016e-05
It: 23000, Time: 3.91, mse_0: 3.1012e-06, mse_f: 3.8657e-04, total loss: 4.1265e-04, Error u,v: 7.1482e-05, 7.9723e-05
It: 23100, Time: 4.25, mse_0: 2.9716e-06, mse_f: 3.8432e-04, total loss: 4.1036e-04, Error u,v: 7.2671e-05, 8.2082e-05
It: 23200, Time: 4.61, mse_0: 3.0620e-06, mse_f: 3.8225e-04, total loss: 4.0846e-04, Error u,v: 7.9717e-05, 8.9281e-05
It: 23300, Time: 5.14, mse_0: 3.0009e-06, mse_f: 3.8098e-04, total loss: 4.0706e-04, Error u,v: 7.8676e-05, 8.8058e-05
It: 23400, Time: 4.43, mse_0: 2.9529e-06, mse_f: 3.7918e-04, total loss: 4.0521e-04, Error u,v: 8.2903e-05, 9.3128e-05
It: 23500, Time: 4.15, mse_0: 2.8922e-06, mse_f: 3.7704e-04, total loss: 4.0318e-04, Error u,v: 7.5909e-05, 8.4798e-05
It: 23600, Time: 4.07, mse_0: 3.0526e-06, mse_f: 3.7542e-04, total loss: 4.0126e-04, Error u,v: 7.4969e-05, 8.4751e-05
It: 23700, Time: 3.92, mse_0: 2.9896e-06, mse_f: 3.7382e-04, total loss: 3.9962e-04, Error u,v: 7.4202e-05, 8.4954e-05
It: 23800, Time: 4.65, mse_0: 3.2384e-06, mse_f: 3.7121e-04, total loss: 3.9756e-04, Error u,v: 7.3820e-05, 8.5766e-05
It: 23900, Time: 4.61, mse_0: 3.2263e-06, mse_f: 3.6913e-04, total loss: 3.9591e-04, Error u,v: 7.6410e-05, 8.8270e-05
It: 24000, Time: 3.88, mse_0: 3.2239e-06, mse_f: 3.6697e-04, total loss: 3.9408e-04, Error u,v: 8.3550e-05, 9.5217e-05
It: 24100, Time: 3.85, mse_0: 3.2548e-06, mse_f: 3.6493e-04, total loss: 3.9245e-04, Error u,v: 9.4541e-05, 1.1039e-04
It: 24200, Time: 3.86, mse_0: 3.2615e-06, mse_f: 3.6375e-04, total loss: 3.9087e-04, Error u,v: 1.0806e-04, 1.2765e-04
It: 24300, Time: 3.66, mse_0: 3.2880e-06, mse_f: 3.6264e-04, total loss: 3.8904e-04, Error u,v: 1.0266e-04, 1.2266e-04
It: 24400, Time: 3.60, mse_0: 3.3821e-06, mse_f: 3.6126e-04, total loss: 3.8773e-04, Error u,v: 9.8509e-05, 1.2152e-04
It: 24500, Time: 3.84, mse_0: 3.5637e-06, mse_f: 3.6017e-04, total loss: 3.8642e-04, Error u,v: 1.0040e-04, 1.2700e-04
It: 24600, Time: 4.10, mse_0: 3.6052e-06, mse_f: 3.5849e-04, total loss: 3.8459e-04, Error u,v: 1.1921e-04, 1.4944e-04
It: 24700, Time: 4.95, mse_0: 3.7546e-06, mse_f: 3.5707e-04, total loss: 3.8312e-04, Error u,v: 1.2521e-04, 1.5647e-04
It: 24800, Time: 5.37, mse_0: 3.6686e-06, mse_f: 3.5553e-04, total loss: 3.8156e-04, Error u,v: 1.3025e-04, 1.5975e-04
It: 24900, Time: 3.96, mse_0: 3.6770e-06, mse_f: 3.5440e-04, total loss: 3.8029e-04, Error u,v: 1.3008e-04, 1.5922e-04
It: 25000, Time: 4.66, mse_0: 3.4029e-06, mse_f: 3.5321e-04, total loss: 3.7857e-04, Error u,v: 1.2238e-04, 1.5168e-04
It: 25100, Time: 4.77, mse_0: 3.4381e-06, mse_f: 3.5189e-04, total loss: 3.7724e-04, Error u,v: 1.1850e-04, 1.4678e-04
It: 25200, Time: 5.17, mse_0: 3.2431e-06, mse_f: 3.5101e-04, total loss: 3.7595e-04, Error u,v: 1.1187e-04, 1.3730e-04
It: 25300, Time: 5.00, mse_0: 3.3176e-06, mse_f: 3.4942e-04, total loss: 3.7423e-04, Error u,v: 1.1639e-04, 1.4210e-04
It: 25400, Time: 4.56, mse_0: 3.2557e-06, mse_f: 3.4847e-04, total loss: 3.7293e-04, Error u,v: 1.1175e-04, 1.3762e-04
It: 25500, Time: 4.45, mse_0: 3.1909e-06, mse_f: 3.4754e-04, total loss: 3.7165e-04, Error u,v: 1.1382e-04, 1.4007e-04
It: 25600, Time: 5.08, mse_0: 3.3457e-06, mse_f: 3.4644e-04, total loss: 3.7035e-04, Error u,v: 1.1433e-04, 1.3907e-04
It: 25700, Time: 4.37, mse_0: 3.1840e-06, mse_f: 3.4511e-04, total loss: 3.6908e-04, Error u,v: 1.1571e-04, 1.3886e-04
It: 25800, Time: 4.17, mse_0: 3.0881e-06, mse_f: 3.4425e-04, total loss: 3.6811e-04, Error u,v: 1.1331e-04, 1.3497e-04
It: 25900, Time: 4.81, mse_0: 2.9491e-06, mse_f: 3.4324e-04, total loss: 3.6657e-04, Error u,v: 1.1114e-04, 1.3374e-04
It: 26000, Time: 4.39, mse_0: 2.8749e-06, mse_f: 3.4189e-04, total loss: 3.6504e-04, Error u,v: 1.1742e-04, 1.4241e-04
It: 26100, Time: 3.62, mse_0: 2.7808e-06, mse_f: 3.4154e-04, total loss: 3.6383e-04, Error u,v: 1.2764e-04, 1.5677e-04
It: 26200, Time: 3.65, mse_0: 2.6043e-06, mse_f: 3.4088e-04, total loss: 3.6287e-04, Error u,v: 1.3117e-04, 1.6285e-04
It: 26300, Time: 3.64, mse_0: 2.7357e-06, mse_f: 3.3956e-04, total loss: 3.6156e-04, Error u,v: 1.4420e-04, 1.7823e-04
It: 26400, Time: 3.75, mse_0: 2.7176e-06, mse_f: 3.3792e-04, total loss: 3.6018e-04, Error u,v: 1.4808e-04, 1.8475e-04
It: 26500, Time: 3.65, mse_0: 2.6747e-06, mse_f: 3.3648e-04, total loss: 3.5875e-04, Error u,v: 1.5495e-04, 1.9587e-04
It: 26600, Time: 3.65, mse_0: 2.6175e-06, mse_f: 3.3518e-04, total loss: 3.5689e-04, Error u,v: 1.6121e-04, 2.0600e-04
It: 26700, Time: 4.73, mse_0: 2.7399e-06, mse_f: 3.3343e-04, total loss: 3.5496e-04, Error u,v: 1.6120e-04, 2.0907e-04
It: 26800, Time: 4.49, mse_0: 2.6447e-06, mse_f: 3.3176e-04, total loss: 3.5335e-04, Error u,v: 1.5872e-04, 2.0876e-04
It: 26900, Time: 3.63, mse_0: 2.6014e-06, mse_f: 3.3035e-04, total loss: 3.5204e-04, Error u,v: 1.5486e-04, 2.0612e-04
It: 27000, Time: 3.63, mse_0: 2.5948e-06, mse_f: 3.2880e-04, total loss: 3.5041e-04, Error u,v: 1.4724e-04, 2.0050e-04
It: 27100, Time: 3.74, mse_0: 2.3617e-06, mse_f: 3.2751e-04, total loss: 3.4915e-04, Error u,v: 1.4451e-04, 2.0004e-04
It: 27200, Time: 4.01, mse_0: 2.4157e-06, mse_f: 3.2635e-04, total loss: 3.4775e-04, Error u,v: 1.4377e-04, 2.0094e-04
It: 27300, Time: 4.90, mse_0: 2.4675e-06, mse_f: 3.2440e-04, total loss: 3.4600e-04, Error u,v: 1.5094e-04, 2.1174e-04
It: 27400, Time: 4.30, mse_0: 2.3837e-06, mse_f: 3.2360e-04, total loss: 3.4499e-04, Error u,v: 1.5248e-04, 2.1498e-04
It: 27500, Time: 4.21, mse_0: 2.4422e-06, mse_f: 3.2227e-04, total loss: 3.4342e-04, Error u,v: 1.5593e-04, 2.1939e-04
It: 27600, Time: 3.96, mse_0: 2.4527e-06, mse_f: 3.2127e-04, total loss: 3.4245e-04, Error u,v: 1.6002e-04, 2.2494e-04
It: 27700, Time: 4.17, mse_0: 2.2870e-06, mse_f: 3.2042e-04, total loss: 3.4113e-04, Error u,v: 1.6011e-04, 2.2701e-04
It: 27800, Time: 4.44, mse_0: 2.2227e-06, mse_f: 3.1878e-04, total loss: 3.3983e-04, Error u,v: 1.5815e-04, 2.2332e-04
It: 27900, Time: 4.21, mse_0: 2.3083e-06, mse_f: 3.1732e-04, total loss: 3.3839e-04, Error u,v: 1.5777e-04, 2.2288e-04
It: 28000, Time: 4.59, mse_0: 2.3719e-06, mse_f: 3.1586e-04, total loss: 3.3673e-04, Error u,v: 1.5746e-04, 2.2588e-04
It: 28100, Time: 3.92, mse_0: 2.2764e-06, mse_f: 3.1390e-04, total loss: 3.3516e-04, Error u,v: 1.5490e-04, 2.2336e-04
It: 28200, Time: 4.61, mse_0: 2.3430e-06, mse_f: 3.1194e-04, total loss: 3.3336e-04, Error u,v: 1.6369e-04, 2.3570e-04
It: 28300, Time: 4.84, mse_0: 2.2818e-06, mse_f: 3.0997e-04, total loss: 3.3154e-04, Error u,v: 1.5741e-04, 2.2957e-04
It: 28400, Time: 5.03, mse_0: 2.3329e-06, mse_f: 3.0901e-04, total loss: 3.3024e-04, Error u,v: 1.5693e-04, 2.2904e-04
It: 28500, Time: 4.64, mse_0: 2.3008e-06, mse_f: 3.0787e-04, total loss: 3.2892e-04, Error u,v: 1.6772e-04, 2.4113e-04
It: 28600, Time: 5.04, mse_0: 2.2538e-06, mse_f: 3.0709e-04, total loss: 3.2787e-04, Error u,v: 1.7530e-04, 2.5195e-04
It: 28700, Time: 4.88, mse_0: 2.2699e-06, mse_f: 3.0588e-04, total loss: 3.2645e-04, Error u,v: 1.6561e-04, 2.4115e-04
It: 28800, Time: 4.77, mse_0: 2.4037e-06, mse_f: 3.0447e-04, total loss: 3.2505e-04, Error u,v: 1.5851e-04, 2.3128e-04
It: 28900, Time: 4.63, mse_0: 2.4795e-06, mse_f: 3.0379e-04, total loss: 3.2410e-04, Error u,v: 1.5730e-04, 2.2955e-04
It: 29000, Time: 4.57, mse_0: 2.3013e-06, mse_f: 3.0263e-04, total loss: 3.2277e-04, Error u,v: 1.4476e-04, 2.1755e-04
It: 29100, Time: 4.45, mse_0: 2.2238e-06, mse_f: 3.0170e-04, total loss: 3.2148e-04, Error u,v: 1.3370e-04, 2.0455e-04
It: 29200, Time: 4.54, mse_0: 2.2268e-06, mse_f: 3.0079e-04, total loss: 3.2021e-04, Error u,v: 1.3366e-04, 2.0449e-04
It: 29300, Time: 4.59, mse_0: 2.2083e-06, mse_f: 2.9975e-04, total loss: 3.1937e-04, Error u,v: 1.3264e-04, 2.0127e-04
It: 29400, Time: 4.93, mse_0: 2.2364e-06, mse_f: 2.9842e-04, total loss: 3.1818e-04, Error u,v: 1.3232e-04, 1.9744e-04
It: 29500, Time: 5.50, mse_0: 2.0823e-06, mse_f: 2.9715e-04, total loss: 3.1696e-04, Error u,v: 1.4154e-04, 2.0440e-04
It: 29600, Time: 4.95, mse_0: 2.2147e-06, mse_f: 2.9604e-04, total loss: 3.1592e-04, Error u,v: 1.4479e-04, 2.0434e-04
It: 29700, Time: 5.31, mse_0: 2.0222e-06, mse_f: 2.9466e-04, total loss: 3.1440e-04, Error u,v: 1.4627e-04, 2.0308e-04
It: 29800, Time: 4.78, mse_0: 2.0781e-06, mse_f: 2.9360e-04, total loss: 3.1348e-04, Error u,v: 1.4816e-04, 2.0345e-04
It: 29900, Time: 4.27, mse_0: 2.0853e-06, mse_f: 2.9287e-04, total loss: 3.1275e-04, Error u,v: 1.4701e-04, 1.9979e-04
It: 30000, Time: 4.82, mse_0: 2.2080e-06, mse_f: 2.9157e-04, total loss: 3.1159e-04, Error u,v: 1.4879e-04, 1.9998e-04
It: 30100, Time: 4.38, mse_0: 2.1784e-06, mse_f: 2.9040e-04, total loss: 3.1061e-04, Error u,v: 1.4012e-04, 1.8834e-04
It: 30200, Time: 4.19, mse_0: 2.0845e-06, mse_f: 2.8971e-04, total loss: 3.0983e-04, Error u,v: 1.3813e-04, 1.8517e-04
It: 30300, Time: 4.48, mse_0: 2.0489e-06, mse_f: 2.8896e-04, total loss: 3.0901e-04, Error u,v: 1.3532e-04, 1.8217e-04
It: 30400, Time: 5.00, mse_0: 2.0443e-06, mse_f: 2.8810e-04, total loss: 3.0814e-04, Error u,v: 1.3658e-04, 1.8244e-04
It: 30500, Time: 4.76, mse_0: 2.0535e-06, mse_f: 2.8718e-04, total loss: 3.0721e-04, Error u,v: 1.3027e-04, 1.7594e-04
It: 30600, Time: 4.93, mse_0: 2.0002e-06, mse_f: 2.8651e-04, total loss: 3.0630e-04, Error u,v: 1.2584e-04, 1.7146e-04
It: 30700, Time: 5.36, mse_0: 2.0056e-06, mse_f: 2.8548e-04, total loss: 3.0522e-04, Error u,v: 1.1752e-04, 1.6143e-04
It: 30800, Time: 5.19, mse_0: 1.8535e-06, mse_f: 2.8468e-04, total loss: 3.0426e-04, Error u,v: 1.1167e-04, 1.5417e-04
It: 30900, Time: 5.03, mse_0: 1.8572e-06, mse_f: 2.8389e-04, total loss: 3.0327e-04, Error u,v: 9.9312e-05, 1.3948e-04
It: 31000, Time: 4.73, mse_0: 1.8723e-06, mse_f: 2.8312e-04, total loss: 3.0225e-04, Error u,v: 9.5426e-05, 1.2990e-04
It: 31100, Time: 5.18, mse_0: 1.8375e-06, mse_f: 2.8233e-04, total loss: 3.0146e-04, Error u,v: 9.1024e-05, 1.2431e-04
It: 31200, Time: 5.09, mse_0: 1.8892e-06, mse_f: 2.8087e-04, total loss: 3.0014e-04, Error u,v: 8.3179e-05, 1.1277e-04
It: 31300, Time: 4.89, mse_0: 1.9941e-06, mse_f: 2.8005e-04, total loss: 2.9912e-04, Error u,v: 7.8220e-05, 1.0634e-04
It: 31400, Time: 4.80, mse_0: 1.9564e-06, mse_f: 2.7945e-04, total loss: 2.9835e-04, Error u,v: 7.1403e-05, 9.6611e-05
It: 31500, Time: 4.71, mse_0: 1.9657e-06, mse_f: 2.7824e-04, total loss: 2.9716e-04, Error u,v: 6.3972e-05, 9.0287e-05
It: 31600, Time: 5.23, mse_0: 2.0483e-06, mse_f: 2.7777e-04, total loss: 2.9622e-04, Error u,v: 6.0544e-05, 8.8737e-05
It: 31700, Time: 5.52, mse_0: 2.0637e-06, mse_f: 2.7732e-04, total loss: 2.9529e-04, Error u,v: 5.9404e-05, 8.8004e-05
It: 31800, Time: 5.40, mse_0: 1.9029e-06, mse_f: 2.7667e-04, total loss: 2.9427e-04, Error u,v: 6.0442e-05, 8.7708e-05
It: 31900, Time: 5.02, mse_0: 1.9739e-06, mse_f: 2.7545e-04, total loss: 2.9328e-04, Error u,v: 6.0485e-05, 8.6823e-05
It: 32000, Time: 5.13, mse_0: 1.9590e-06, mse_f: 2.7440e-04, total loss: 2.9223e-04, Error u,v: 5.6475e-05, 8.4759e-05
It: 32100, Time: 5.07, mse_0: 2.0550e-06, mse_f: 2.7322e-04, total loss: 2.9117e-04, Error u,v: 5.6229e-05, 8.6551e-05
It: 32200, Time: 5.38, mse_0: 2.0094e-06, mse_f: 2.7249e-04, total loss: 2.9038e-04, Error u,v: 5.7718e-05, 8.8984e-05
It: 32300, Time: 5.06, mse_0: 1.9930e-06, mse_f: 2.7191e-04, total loss: 2.8967e-04, Error u,v: 6.1517e-05, 9.2870e-05
It: 32400, Time: 3.94, mse_0: 2.0657e-06, mse_f: 2.7121e-04, total loss: 2.8877e-04, Error u,v: 6.2123e-05, 9.3603e-05
It: 32500, Time: 3.81, mse_0: 2.0133e-06, mse_f: 2.7021e-04, total loss: 2.8768e-04, Error u,v: 6.1261e-05, 9.2602e-05
It: 32600, Time: 3.75, mse_0: 2.0066e-06, mse_f: 2.6939e-04, total loss: 2.8687e-04, Error u,v: 5.9461e-05, 9.1997e-05
It: 32700, Time: 4.12, mse_0: 1.9525e-06, mse_f: 2.6873e-04, total loss: 2.8617e-04, Error u,v: 5.6614e-05, 8.8450e-05
It: 32800, Time: 4.27, mse_0: 2.0271e-06, mse_f: 2.6817e-04, total loss: 2.8532e-04, Error u,v: 5.4546e-05, 8.9676e-05
It: 32900, Time: 3.95, mse_0: 2.0080e-06, mse_f: 2.6730e-04, total loss: 2.8449e-04, Error u,v: 5.3264e-05, 8.9714e-05
It: 33000, Time: 4.63, mse_0: 2.0185e-06, mse_f: 2.6622e-04, total loss: 2.8362e-04, Error u,v: 5.2562e-05, 8.8749e-05
It: 33100, Time: 5.32, mse_0: 2.0400e-06, mse_f: 2.6519e-04, total loss: 2.8252e-04, Error u,v: 5.4032e-05, 9.1007e-05
It: 33200, Time: 3.81, mse_0: 2.0004e-06, mse_f: 2.6433e-04, total loss: 2.8183e-04, Error u,v: 5.2191e-05, 8.9650e-05
It: 33300, Time: 4.21, mse_0: 2.0119e-06, mse_f: 2.6363e-04, total loss: 2.8112e-04, Error u,v: 5.3350e-05, 8.9595e-05
It: 33400, Time: 3.95, mse_0: 1.8816e-06, mse_f: 2.6287e-04, total loss: 2.8039e-04, Error u,v: 5.2074e-05, 8.8369e-05
It: 33500, Time: 4.11, mse_0: 1.9111e-06, mse_f: 2.6195e-04, total loss: 2.7942e-04, Error u,v: 4.9011e-05, 8.4615e-05
It: 33600, Time: 4.26, mse_0: 1.8962e-06, mse_f: 2.6134e-04, total loss: 2.7868e-04, Error u,v: 4.5946e-05, 8.2296e-05
It: 33700, Time: 3.79, mse_0: 1.8731e-06, mse_f: 2.6066e-04, total loss: 2.7783e-04, Error u,v: 4.4475e-05, 8.0079e-05
It: 33800, Time: 4.44, mse_0: 1.9324e-06, mse_f: 2.6019e-04, total loss: 2.7701e-04, Error u,v: 4.4103e-05, 8.0490e-05
It: 33900, Time: 3.88, mse_0: 1.9456e-06, mse_f: 2.5886e-04, total loss: 2.7593e-04, Error u,v: 4.5134e-05, 8.2149e-05
It: 34000, Time: 3.84, mse_0: 1.9376e-06, mse_f: 2.5804e-04, total loss: 2.7494e-04, Error u,v: 4.3525e-05, 8.1846e-05
It: 34100, Time: 5.05, mse_0: 1.9390e-06, mse_f: 2.5719e-04, total loss: 2.7392e-04, Error u,v: 4.3398e-05, 8.2134e-05
It: 34200, Time: 4.86, mse_0: 1.9905e-06, mse_f: 2.5660e-04, total loss: 2.7297e-04, Error u,v: 4.1029e-05, 8.1446e-05
It: 34300, Time: 4.21, mse_0: 2.0308e-06, mse_f: 2.5603e-04, total loss: 2.7222e-04, Error u,v: 4.1492e-05, 8.1379e-05
It: 34400, Time: 4.28, mse_0: 1.9711e-06, mse_f: 2.5469e-04, total loss: 2.7118e-04, Error u,v: 4.2360e-05, 8.2487e-05
It: 34500, Time: 4.61, mse_0: 2.1021e-06, mse_f: 2.5269e-04, total loss: 2.6941e-04, Error u,v: 4.3219e-05, 8.2459e-05
It: 34600, Time: 4.34, mse_0: 2.0673e-06, mse_f: 2.5201e-04, total loss: 2.6854e-04, Error u,v: 4.2602e-05, 8.0744e-05
It: 34700, Time: 4.06, mse_0: 2.0189e-06, mse_f: 2.5071e-04, total loss: 2.6738e-04, Error u,v: 4.0969e-05, 7.8744e-05
It: 34800, Time: 4.51, mse_0: 2.0266e-06, mse_f: 2.4952e-04, total loss: 2.6624e-04, Error u,v: 4.1188e-05, 7.7585e-05
It: 34900, Time: 4.64, mse_0: 1.9763e-06, mse_f: 2.4848e-04, total loss: 2.6523e-04, Error u,v: 4.2504e-05, 7.8543e-05
It: 35000, Time: 4.76, mse_0: 1.9456e-06, mse_f: 2.4761e-04, total loss: 2.6402e-04, Error u,v: 4.3061e-05, 7.8783e-05
It: 35100, Time: 4.15, mse_0: 2.0172e-06, mse_f: 2.4663e-04, total loss: 2.6302e-04, Error u,v: 4.3613e-05, 7.8275e-05
It: 35200, Time: 4.24, mse_0: 1.9906e-06, mse_f: 2.4587e-04, total loss: 2.6221e-04, Error u,v: 4.4930e-05, 7.7744e-05
It: 35300, Time: 4.09, mse_0: 1.9086e-06, mse_f: 2.4517e-04, total loss: 2.6127e-04, Error u,v: 4.9673e-05, 8.1932e-05
It: 35400, Time: 4.44, mse_0: 1.9264e-06, mse_f: 2.4437e-04, total loss: 2.6051e-04, Error u,v: 5.7069e-05, 8.9590e-05
It: 35500, Time: 3.64, mse_0: 1.8785e-06, mse_f: 2.4395e-04, total loss: 2.5978e-04, Error u,v: 5.8022e-05, 9.0608e-05
It: 35600, Time: 4.11, mse_0: 1.8600e-06, mse_f: 2.4364e-04, total loss: 2.5941e-04, Error u,v: 5.9676e-05, 9.2954e-05
It: 35700, Time: 3.98, mse_0: 1.9176e-06, mse_f: 2.4276e-04, total loss: 2.5858e-04, Error u,v: 5.6869e-05, 8.9465e-05
It: 35800, Time: 4.24, mse_0: 1.8723e-06, mse_f: 2.4201e-04, total loss: 2.5760e-04, Error u,v: 4.9207e-05, 7.9412e-05
It: 35900, Time: 3.79, mse_0: 1.8768e-06, mse_f: 2.4159e-04, total loss: 2.5704e-04, Error u,v: 4.3306e-05, 7.2291e-05
It: 36000, Time: 3.80, mse_0: 1.8375e-06, mse_f: 2.4052e-04, total loss: 2.5599e-04, Error u,v: 3.6343e-05, 6.4020e-05
It: 36100, Time: 4.04, mse_0: 1.8963e-06, mse_f: 2.3964e-04, total loss: 2.5501e-04, Error u,v: 3.4306e-05, 5.8731e-05
It: 36200, Time: 4.10, mse_0: 1.9418e-06, mse_f: 2.3830e-04, total loss: 2.5390e-04, Error u,v: 3.2727e-05, 5.4271e-05
It: 36300, Time: 4.19, mse_0: 1.8797e-06, mse_f: 2.3780e-04, total loss: 2.5300e-04, Error u,v: 3.2021e-05, 5.2415e-05
It: 36400, Time: 3.64, mse_0: 1.9829e-06, mse_f: 2.3686e-04, total loss: 2.5217e-04, Error u,v: 2.9733e-05, 4.8726e-05
It: 36500, Time: 3.85, mse_0: 2.0841e-06, mse_f: 2.3602e-04, total loss: 2.5157e-04, Error u,v: 2.9278e-05, 4.6404e-05
It: 36600, Time: 4.10, mse_0: 2.1157e-06, mse_f: 2.3540e-04, total loss: 2.5085e-04, Error u,v: 3.0719e-05, 4.7065e-05
It: 36700, Time: 4.13, mse_0: 2.2069e-06, mse_f: 2.3437e-04, total loss: 2.5009e-04, Error u,v: 3.2202e-05, 4.8400e-05
It: 36800, Time: 3.66, mse_0: 2.3721e-06, mse_f: 2.3341e-04, total loss: 2.4941e-04, Error u,v: 3.1028e-05, 4.5955e-05
It: 36900, Time: 3.83, mse_0: 2.3571e-06, mse_f: 2.3278e-04, total loss: 2.4874e-04, Error u,v: 2.9150e-05, 4.3349e-05
It: 37000, Time: 4.18, mse_0: 2.2900e-06, mse_f: 2.3194e-04, total loss: 2.4806e-04, Error u,v: 2.8350e-05, 4.0966e-05
It: 37100, Time: 3.83, mse_0: 2.3033e-06, mse_f: 2.3154e-04, total loss: 2.4750e-04, Error u,v: 2.6449e-05, 3.8251e-05
It: 37200, Time: 3.78, mse_0: 2.1311e-06, mse_f: 2.3101e-04, total loss: 2.4682e-04, Error u,v: 2.7355e-05, 3.9761e-05
It: 37300, Time: 3.76, mse_0: 2.0441e-06, mse_f: 2.3077e-04, total loss: 2.4637e-04, Error u,v: 2.9344e-05, 4.2164e-05
It: 37400, Time: 3.99, mse_0: 1.9953e-06, mse_f: 2.3040e-04, total loss: 2.4588e-04, Error u,v: 3.3370e-05, 4.6178e-05
It: 37500, Time: 4.01, mse_0: 1.9664e-06, mse_f: 2.2999e-04, total loss: 2.4543e-04, Error u,v: 3.8073e-05, 5.1890e-05
It: 37600, Time: 3.25, mse_0: 2.0171e-06, mse_f: 2.2965e-04, total loss: 2.4488e-04, Error u,v: 4.0607e-05, 5.5192e-05
It: 37700, Time: 3.61, mse_0: 1.9721e-06, mse_f: 2.2901e-04, total loss: 2.4418e-04, Error u,v: 4.2395e-05, 5.8601e-05
It: 37800, Time: 3.70, mse_0: 1.9602e-06, mse_f: 2.2824e-04, total loss: 2.4353e-04, Error u,v: 3.7691e-05, 5.3107e-05
It: 37900, Time: 3.57, mse_0: 1.9465e-06, mse_f: 2.2776e-04, total loss: 2.4300e-04, Error u,v: 3.3158e-05, 4.7141e-05
It: 38000, Time: 3.67, mse_0: 1.9018e-06, mse_f: 2.2737e-04, total loss: 2.4251e-04, Error u,v: 3.1642e-05, 4.5160e-05
It: 38100, Time: 3.46, mse_0: 1.8881e-06, mse_f: 2.2731e-04, total loss: 2.4213e-04, Error u,v: 3.0915e-05, 4.4631e-05
It: 38200, Time: 3.66, mse_0: 1.8891e-06, mse_f: 2.2685e-04, total loss: 2.4147e-04, Error u,v: 3.0686e-05, 4.4778e-05
It: 38300, Time: 3.98, mse_0: 1.8631e-06, mse_f: 2.2662e-04, total loss: 2.4096e-04, Error u,v: 3.0563e-05, 4.5928e-05
It: 38400, Time: 4.04, mse_0: 1.9496e-06, mse_f: 2.2612e-04, total loss: 2.4048e-04, Error u,v: 2.9575e-05, 4.4123e-05
It: 38500, Time: 5.11, mse_0: 2.0409e-06, mse_f: 2.2526e-04, total loss: 2.3982e-04, Error u,v: 2.8720e-05, 4.2082e-05
It: 38600, Time: 4.46, mse_0: 2.1023e-06, mse_f: 2.2474e-04, total loss: 2.3941e-04, Error u,v: 2.8960e-05, 4.2283e-05
It: 38700, Time: 4.79, mse_0: 2.0261e-06, mse_f: 2.2437e-04, total loss: 2.3884e-04, Error u,v: 2.9363e-05, 4.3115e-05
It: 38800, Time: 5.14, mse_0: 2.0309e-06, mse_f: 2.2397e-04, total loss: 2.3835e-04, Error u,v: 2.9160e-05, 4.3253e-05
It: 38900, Time: 4.43, mse_0: 2.0838e-06, mse_f: 2.2317e-04, total loss: 2.3765e-04, Error u,v: 3.0093e-05, 4.4427e-05
It: 39000, Time: 4.36, mse_0: 2.1422e-06, mse_f: 2.2243e-04, total loss: 2.3678e-04, Error u,v: 3.1051e-05, 4.6271e-05
It: 39100, Time: 4.23, mse_0: 2.2107e-06, mse_f: 2.2165e-04, total loss: 2.3602e-04, Error u,v: 3.2244e-05, 4.8044e-05
It: 39200, Time: 4.52, mse_0: 2.1716e-06, mse_f: 2.2126e-04, total loss: 2.3548e-04, Error u,v: 3.3081e-05, 4.9541e-05
It: 39300, Time: 4.44, mse_0: 2.2063e-06, mse_f: 2.2037e-04, total loss: 2.3472e-04, Error u,v: 3.2828e-05, 4.9486e-05
It: 39400, Time: 4.57, mse_0: 2.2799e-06, mse_f: 2.1952e-04, total loss: 2.3378e-04, Error u,v: 3.2241e-05, 4.9304e-05
It: 39500, Time: 4.80, mse_0: 2.2565e-06, mse_f: 2.1885e-04, total loss: 2.3303e-04, Error u,v: 3.1896e-05, 4.9137e-05
It: 39600, Time: 4.65, mse_0: 2.0926e-06, mse_f: 2.1838e-04, total loss: 2.3230e-04, Error u,v: 3.3331e-05, 5.0001e-05
It: 39700, Time: 4.90, mse_0: 2.1141e-06, mse_f: 2.1757e-04, total loss: 2.3148e-04, Error u,v: 3.3875e-05, 5.0602e-05
It: 39800, Time: 4.59, mse_0: 2.1220e-06, mse_f: 2.1700e-04, total loss: 2.3093e-04, Error u,v: 3.6902e-05, 5.4522e-05
It: 39900, Time: 4.80, mse_0: 2.1587e-06, mse_f: 2.1646e-04, total loss: 2.3054e-04, Error u,v: 3.8745e-05, 5.6907e-05
It: 40000, Time: 4.45, mse_0: 2.1388e-06, mse_f: 2.1587e-04, total loss: 2.3017e-04, Error u,v: 3.5511e-05, 5.2114e-05
Error u: 3.551083e-05
Error v: 5.211393e-05
Error u: 3.551083e-05
Error v: 5.211393e-05
u_pred.shape after=  (257, 101)
